2012-04-27-16-44-17|ioq3 1.36+svn1946-5/Ubuntu linux-x86_64 Aug  9 2011
2012-04-27-16-44-17|----- FS_Startup -----
2012-04-27-16-44-18|Current search path:
2012-04-27-16-44-18|/home/jeroen/.openarena/baseoa
2012-04-27-16-44-18|/usr/lib/games/openarena/baseoa/pak6-patch085.pk3 (559 files)
2012-04-27-16-44-18|/usr/lib/games/openarena/baseoa/pak6-misc.pk3 (229 files)
2012-04-27-16-44-18|/usr/lib/games/openarena/baseoa/pak5-TA.pk3 (139 files)
2012-04-27-16-44-18|/usr/lib/games/openarena/baseoa/pak4-textures.pk3 (1753 files)
2012-04-27-16-44-18|/usr/lib/games/openarena/baseoa/pak2-players.pk3 (669 files)
2012-04-27-16-44-18|/usr/lib/games/openarena/baseoa/pak2-players-mature.pk3 (231 files)
2012-04-27-16-44-18|/usr/lib/games/openarena/baseoa/pak1-maps.pk3 (100 files)
2012-04-27-16-44-18|/usr/lib/games/openarena/baseoa/pak0.pk3 (1042 files)
2012-04-27-16-44-18|/usr/lib/games/openarena/baseoa
2012-04-27-16-44-18|
2012-04-27-16-44-18|----------------------
2012-04-27-16-44-18|4722 files in pk3 files
2012-04-27-16-44-18|execing default.cfg
2012-04-27-16-44-18|execing q3config_server.cfg
2012-04-27-16-44-18|execing autoexec.cfg
2012-04-27-16-44-18|Hunk_Clear: reset the hunk ok
2012-04-27-16-44-18|--- Common Initialization Complete ---
2012-04-27-16-44-18|IP: 127.0.0.1
2012-04-27-16-44-18|IP: 192.168.96.9
2012-04-27-16-44-18|IP6: ::1
2012-04-27-16-44-18|IP6: fe80::224:e8ff:fe23:4f72%eth0
2012-04-27-16-44-18|Opening IP6 socket: [::]:27960
2012-04-27-16-44-18|Opening IP socket: 192.168.96.9:27960
2012-04-27-16-44-18|tty console mode disabled
2012-04-27-16-44-18|execing default.cfg
2012-04-27-16-44-18|------ Server Initialization ------
2012-04-27-16-44-18|Server: aggressor
2012-04-27-16-44-18|Hunk_Clear: reset the hunk ok
2012-04-27-16-44-18|----- FS_Startup -----
2012-04-27-16-44-18|Current search path:
2012-04-27-16-44-18|/home/jeroen/.openarena/baseoa
2012-04-27-16-44-18|/usr/lib/games/openarena/baseoa/pak6-patch085.pk3 (559 files)
2012-04-27-16-44-18|/usr/lib/games/openarena/baseoa/pak6-misc.pk3 (229 files)
2012-04-27-16-44-18|/usr/lib/games/openarena/baseoa/pak5-TA.pk3 (139 files)
2012-04-27-16-44-18|/usr/lib/games/openarena/baseoa/pak4-textures.pk3 (1753 files)
2012-04-27-16-44-18|/usr/lib/games/openarena/baseoa/pak2-players.pk3 (669 files)
2012-04-27-16-44-18|/usr/lib/games/openarena/baseoa/pak2-players-mature.pk3 (231 files)
2012-04-27-16-44-18|/usr/lib/games/openarena/baseoa/pak1-maps.pk3 (100 files)
2012-04-27-16-44-18|/usr/lib/games/openarena/baseoa/pak0.pk3 (1042 files)
2012-04-27-16-44-18|/usr/lib/games/openarena/baseoa
2012-04-27-16-44-18|
2012-04-27-16-44-18|----------------------
2012-04-27-16-44-18|4722 files in pk3 files
2012-04-27-16-44-18|Loading vm file vm/qagame.qvm...
2012-04-27-16-44-18|File "vm/qagame.qvm" found in "/usr/lib/games/openarena/baseoa/pak6-patch085.pk3"
2012-04-27-16-44-18|...which has vmMagic VM_MAGIC_USE_NATIVE.
2012-04-27-16-44-18|... trying pak6-patch085/qagame
2012-04-27-16-44-18|Sys_LoadDll(pak6-patch085/qagamex86_64.so) could not find it
2012-04-27-16-44-18|... trying qagame
2012-04-27-16-44-18|Loading DLL file: /usr/lib/games/openarena/baseoa/qagamex86_64.so
2012-04-27-16-44-18|Sys_LoadDll(qagame) found vmMain function at 0x7f00730a7480
2012-04-27-16-44-18|Loaded DLL file instead.
2012-04-27-16-44-18|------- Game Initialization -------
2012-04-27-16-44-18|gamename: baseoa
2012-04-27-16-44-18|gamedate: Aug  9 2011
2012-04-27-16-44-18|------------------------------------------------------------
2012-04-27-16-44-18|InitGame: \protocol\71\sv_hostname\Spil OA Server\sv_maxclients\16\sv_minPing\0\sv_maxPing\400\sv_maxRate\25000\sv_allowdownload\1\sv_privateClients\2\capturelimit\5\timelimit\0\fraglimit\15\g_allowvote\1\g_voteGametypes\/0/3/4/5/8/10\g_delagHitscan\1\dmflags\88\g_instantgib\0\g_rockets\0\sv_floodProtect\1\sv_minRate\0\g_maxGameClients\0\videoflags\7\g_doWarmup\0\elimination_roundtime\120\g_lms_mode\0\g_gametype\0\g_voteMinFraglimit\0\g_voteMaxFraglimit\0\g_voteMinTimelimit\0\g_voteMaxTimelimit\1000\version\ioq3 1.36+svn1946-5/Ubuntu linux-x86_64 Aug  9 2011\mapname\aggressor\game2012-04-27-16-45-37|ioq3 1.36+svn1946-5/Ubuntu linux-x86_64 Aug  9 2011
2012-04-27-16-45-37|----- FS_Startup -----
2012-04-27-16-45-37|Current search path:
2012-04-27-16-45-37|/home/jeroen/.openarena/baseoa
2012-04-27-16-45-37|/usr/lib/games/openarena/baseoa/pak6-patch085.pk3 (559 files)
2012-04-27-16-45-37|/usr/lib/games/openarena/baseoa/pak6-misc.pk3 (229 files)
2012-04-27-16-45-37|/usr/lib/games/openarena/baseoa/pak5-TA.pk3 (139 files)
2012-04-27-16-45-37|/usr/lib/games/openarena/baseoa/pak4-textures.pk3 (1753 files)
2012-04-27-16-45-37|/usr/lib/games/openarena/baseoa/pak2-players.pk3 (669 files)
2012-04-27-16-45-37|/usr/lib/games/openarena/baseoa/pak2-players-mature.pk3 (231 files)
2012-04-27-16-45-37|/usr/lib/games/openarena/baseoa/pak1-maps.pk3 (100 files)
2012-04-27-16-45-37|/usr/lib/games/openarena/baseoa/pak0.pk3 (1042 files)
2012-04-27-16-45-37|/usr/lib/games/openarena/baseoa
2012-04-27-16-45-37|
2012-04-27-16-45-37|----------------------
2012-04-27-16-45-37|4722 files in pk3 files
2012-04-27-16-45-37|execing default.cfg
2012-04-27-16-45-37|execing q3config_server.cfg
2012-04-27-16-45-37|execing autoexec.cfg
2012-04-27-16-45-37|Hunk_Clear: reset the hunk ok
2012-04-27-16-45-37|--- Common Initialization Complete ---
2012-04-27-16-45-37|IP: 127.0.0.1
2012-04-27-16-45-37|IP: 192.168.96.9
2012-04-27-16-45-37|IP6: ::1
2012-04-27-16-45-37|IP6: fe80::224:e8ff:fe23:4f72%eth0
2012-04-27-16-45-37|Opening IP6 socket: [::]:27960
2012-04-27-16-45-37|Opening IP socket: 192.168.96.9:27960
2012-04-27-16-45-37|tty console mode disabled
2012-04-27-16-45-37|execing default.cfg
2012-04-27-16-45-37|------ Server Initialization ------
2012-04-27-16-45-37|Server: aggressor
2012-04-27-16-45-37|Hunk_Clear: reset the hunk ok
2012-04-27-16-45-37|----- FS_Startup -----
2012-04-27-16-45-37|Current search path:
2012-04-27-16-45-37|/home/jeroen/.openarena/baseoa
2012-04-27-16-45-37|/usr/lib/games/openarena/baseoa/pak6-patch085.pk3 (559 files)
2012-04-27-16-45-37|/usr/lib/games/openarena/baseoa/pak6-misc.pk3 (229 files)
2012-04-27-16-45-37|/usr/lib/games/openarena/baseoa/pak5-TA.pk3 (139 files)
2012-04-27-16-45-37|/usr/lib/games/openarena/baseoa/pak4-textures.pk3 (1753 files)
2012-04-27-16-45-37|/usr/lib/games/openarena/baseoa/pak2-players.pk3 (669 files)
2012-04-27-16-45-37|/usr/lib/games/openarena/baseoa/pak2-players-mature.pk3 (231 files)
2012-04-27-16-45-37|/usr/lib/games/openarena/baseoa/pak1-maps.pk3 (100 files)
2012-04-27-16-45-37|/usr/lib/games/openarena/baseoa/pak0.pk3 (1042 files)
2012-04-27-16-45-37|/usr/lib/games/openarena/baseoa
2012-04-27-16-45-37|
2012-04-27-16-45-37|----------------------
2012-04-27-16-45-37|4722 files in pk3 files
2012-04-27-16-45-37|Loading vm file vm/qagame.qvm...
2012-04-27-16-45-37|File "vm/qagame.qvm" found in "/usr/lib/games/openarena/baseoa/pak6-patch085.pk3"
2012-04-27-16-45-37|...which has vmMagic VM_MAGIC_USE_NATIVE.
2012-04-27-16-45-37|... trying pak6-patch085/qagame
2012-04-27-16-45-37|Sys_LoadDll(pak6-patch085/qagamex86_64.so) could not find it
2012-04-27-16-45-37|... trying qagame
2012-04-27-16-45-37|Loading DLL file: /usr/lib/games/openarena/baseoa/qagamex86_64.so
2012-04-27-16-45-37|Sys_LoadDll(qagame) found vmMain function at 0x7f8353978480
2012-04-27-16-45-37|Loaded DLL file instead.
2012-04-27-16-45-37|------- Game Initialization -------
2012-04-27-16-45-37|gamename: baseoa
2012-04-27-16-45-37|gamedate: Aug  9 2011
2012-04-27-16-45-37|------------------------------------------------------------
2012-04-27-16-45-37|InitGame: \protocol\71\sv_hostname\Spil OA Server\sv_maxclients\16\sv_minPing\0\sv_maxPing\400\sv_maxRate\25000\sv_allowdownload\1\sv_privateClients\2\capturelimit\5\timelimit\0\fraglimit\15\g_allowvote\1\g_voteGametypes\/0/3/4/5/8/10\g_delagHitscan\1\dmflags\88\g_instantgib\0\g_rockets\0\g_voteMaxTimelimit\1000\g_voteMinTimelimit\0\g_voteMaxFraglimit\0\g_voteMinFraglimit\0\g_gametype\0\g_lms_mode\0\elimination_roundtime\120\g_doWarmup\0\videoflags\7\g_maxGameClients\0\sv_minRate\0\sv_floodProtect\1\version\ioq3 1.36+svn1946-5/Ubuntu linux-x86_64 Aug  9 2011\mapname\aggressor\gamename\baseoa\elimflags\0\voteflags\0\g_needpass\0\g_obeliskRespawnDelay\10\g_enableDust\0\g_enableBreath\0\g_altExcellent\0
2012-04-27-16-45-37|Info: ServerInfo length: 699 of 1024
2012-04-27-16-45-37|^3!readconfig: ^7could not open admin config file admin.dat
2012-04-27-16-45-37|Sprees/Kills: loaded 1 killing sprees, 0 death sprees, and 0 multikills.
2012-04-27-16-45-37|dom_controlpoint doesn't have a spawn function
2012-04-27-16-45-37|runematch_spawn_point doesn't have a spawn function
2012-04-27-16-45-37|dom_controlpoint doesn't have a spawn function
2012-04-27-16-45-37|dom_controlpoint doesn't have a spawn function
2012-04-27-16-45-37|dom_controlpoint doesn't have a spawn function
2012-04-27-16-45-37|runematch_spawn_point doesn't have a spawn function
2012-04-27-16-45-37|runematch_spawn_point doesn't have a spawn function
2012-04-27-16-45-37|runematch_spawn_point doesn't have a spawn function
2012-04-27-16-45-37|runematch_spawn_point doesn't have a spawn function
2012-04-27-16-45-37|0 teams with 0 entities
2012-04-27-16-45-37|17 items registered
2012-04-27-16-45-37|-----------------------------------
2012-04-27-16-45-37|------- BotLib Initialization -------
2012-04-27-16-45-37|loaded weapons.c
2012-04-27-16-45-37|loaded items.c
2012-04-27-16-45-37|loaded syn.c
2012-04-27-16-45-37|loaded rnd.c
2012-04-27-16-45-37|loaded match.c
2012-04-27-16-45-37|loaded rchat.c
2012-04-27-16-45-37|------------ Map Loading ------------
2012-04-27-16-45-37|trying to load maps/aggressor.aas
2012-04-27-16-45-37|loaded maps/aggressor.aas
2012-04-27-16-45-37|found 29 level items
2012-04-27-16-45-37|-------------------------------------
2012-04-27-16-45-37|24 bots parsed
2012-04-27-16-45-37|51 arenas parsed
2012-04-27-16-45-37|AAS initialized.
2012-04-27-16-45-37|-----------------------------------
2012-04-27-16-45-55|Client 0 connecting with 0 challenge ping
2012-04-27-16-45-55|ClientUserinfoChanged: 2 n\Archangel\t\0\model\assassin/ghost\hmodel\assassin/ghost\g_redteam\\g_blueteam\\c1\4\c2\4\hc\100\w\0\l\0\tt\0\tl\0\id\38954A04BB21D38BA7C75955EFBE446E
2012-04-27-16-45-55|ClientConnect: 2
2012-04-27-16-45-55|broadcast: print "Archangel^7 connected\n"
2012-04-27-16-45-57|ClientUserinfoChanged: 2 n\Archangel\t\0\model\assassin/ghost\hmodel\assassin/ghost\g_redteam\\g_blueteam\\c1\4\c2\4\hc\100\w\0\l\0\tt\0\tl\0\id\38954A04BB21D38BA7C75955EFBE446E
2012-04-27-16-45-57|Playerstore: Nothing to restore. Guid: 38954A04BB21D38BA7C75955EFBE446E
2012-04-27-16-45-57|broadcast: print "Archangel^7 entered the game\n"
2012-04-27-16-45-57|ClientBegin: 2
2012-04-27-16-45-58|Client 1 connecting with 0 challenge ping
2012-04-27-16-45-58|ClientUserinfoChanged: 3 n\Revell\t\0\model\major/default\hmodel\major/default\g_redteam\\g_blueteam\\c1\5\c2\5\hc\100\w\0\l\0\tt\0\tl\0\id\978E21D180BF6D8EBEAA5D3897170E94
2012-04-27-16-45-58|ClientConnect: 3
2012-04-27-16-45-58|broadcast: print "Revell^7 connected\n"
2012-04-27-16-45-59|Item: 2 weapon_rocketlauncher
2012-04-27-16-45-59|ClientUserinfoChanged: 3 n\Revell\t\0\model\major/default\hmodel\major/default\g_redteam\\g_blueteam\\c1\5\c2\5\hc\100\w\0\l\0\tt\0\tl\0\id\978E21D180BF6D8EBEAA5D3897170E94
2012-04-27-16-45-59|ClientUserinfoChanged: 3 n\Revell\t\0\model\major/default\hmodel\major/default\g_redteam\\g_blueteam\\c1\5\c2\5\hc\100\w\0\l\0\tt\0\tl\0\id\978E21D180BF6D8EBEAA5D3897170E94
2012-04-27-16-45-59|Playerstore: Nothing to restore. Guid: 978E21D180BF6D8EBEAA5D3897170E94
2012-04-27-16-45-59|broadcast: print "Revell^7 entered the game\n"
2012-04-27-16-45-59|ClientBegin: 3
2012-04-27-16-45-59|Item: 2 ammo_rockets
2012-04-27-16-46-01|Item: 3 ammo_rockets
2012-04-27-16-46-03|Item: 3 item_armor_shard
2012-04-27-16-46-03|Item: 3 item_armor_shard
2012-04-27-16-46-03|Item: 3 item_armor_shard
2012-04-27-16-46-03|Item: 3 item_armor_shard
2012-04-27-16-46-06|Item: 3 ammo_shells
2012-04-27-16-46-07|Item: 3 item_armor_combat
2012-04-27-16-46-07|Item: 3 weapon_lightning
2012-04-27-16-46-09|Item: 3 weapon_shotgun
2012-04-27-16-46-11|Item: 2 weapon_plasmagun
2012-04-27-16-46-11|Item: 2 ammo_bullets
2012-04-27-16-46-16|Item: 2 weapon_plasmagun
2012-04-27-16-46-19|Item: 3 ammo_bullets
2012-04-27-16-46-21|Item: 3 ammo_cells
2012-04-27-16-46-22|Item: 2 weapon_lightning
2012-04-27-16-46-24|Item: 2 weapon_shotgun
2012-04-27-16-46-26|Item: 2 item_health
2012-04-27-16-46-27|Item: 2 item_armor_combat
2012-04-27-16-46-33|Kill: 3 2 11: Revell killed Archangel by MOD_LIGHTNING
2012-04-27-16-46-34|Item: 3 weapon_shotgun
2012-04-27-16-46-36|Item: 2 weapon_railgun
2012-04-27-16-46-36|Item: 2 ammo_cells
2012-04-27-16-46-38|Item: 3 item_health
2012-04-27-16-46-42|Item: 3 item_armor_combat
2012-04-27-16-46-43|Item: 2 item_armor_shard
2012-04-27-16-46-43|Item: 2 item_armor_shard
2012-04-27-16-46-46|Item: 2 ammo_shells
2012-04-27-16-46-47|Item: 2 weapon_lightning
2012-04-27-16-46-48|Item: 2 item_armor_combat
2012-04-27-16-46-49|Item: 2 weapon_rocketlauncher
2012-04-27-16-46-50|Item: 2 ammo_rockets
2012-04-27-16-46-55|Kill: 3 2 1: Revell killed Archangel by MOD_SHOTGUN
2012-04-27-16-46-56|Item: 3 weapon_rocketlauncher
2012-04-27-16-46-57|Item: 3 item_armor_shard
2012-04-27-16-46-57|Item: 3 item_armor_shard
2012-04-27-16-46-59|Item: 2 ammo_rockets
2012-04-27-16-47-01|Item: 3 item_health
2012-04-27-16-47-01|Item: 3 weapon_lightning
2012-04-27-16-47-02|Item: 2 ammo_bullets
2012-04-27-16-47-03|Item: 2 ammo_cells
2012-04-27-16-47-03|Item: 3 item_armor_combat
2012-04-27-16-47-04|Item: 2 item_health_small
2012-04-27-16-47-04|Item: 2 item_health_small
2012-04-27-16-47-04|Item: 2 item_health_small
2012-04-27-16-47-04|Item: 2 item_health_small
2012-04-27-16-47-06|Item: 3 weapon_railgun
2012-04-27-16-47-09|Item: 3 weapon_lightning
2012-04-27-16-47-13|Kill: 3 2 7: Revell killed Archangel by MOD_ROCKET_SPLASH
2012-04-27-16-47-15|Item: 2 item_armor_shard
2012-04-27-16-47-16|Item: 2 item_armor_shard
2012-04-27-16-47-16|Item: 3 item_armor_combat
2012-04-27-16-47-18|Item: 3 weapon_plasmagun
2012-04-27-16-47-18|Item: 3 ammo_bullets
2012-04-27-16-47-21|Item: 3 item_armor_combat
2012-04-27-16-47-21|Item: 3 weapon_lightning
2012-04-27-16-47-25|Kill: 3 2 8: Revell killed Archangel by MOD_PLASMA
2012-04-27-16-47-27|Item: 2 item_armor_shard
2012-04-27-16-47-28|Item: 2 item_armor_shard
2012-04-27-16-47-28|Item: 3 weapon_shotgun
2012-04-27-16-47-30|Item: 3 item_armor_combat
2012-04-27-16-47-30|Item: 3 item_health
2012-04-27-16-47-32|Item: 2 ammo_shells
2012-04-27-16-47-33|Item: 2 weapon_lightning
2012-04-27-16-47-37|Client 2 connecting with 40 challenge ping
2012-04-27-16-47-37|ClientUserinfoChanged: 4 n\Thz\t\0\model\sarge\hmodel\sarge\g_redteam\\g_blueteam\\c1\4\c2\5\hc\100\w\0\l\0\tt\0\tl\0\id\2BEA6F12C7F6A6FA1D2B46B4B41D1C44
2012-04-27-16-47-37|ClientConnect: 4
2012-04-27-16-47-37|broadcast: print "Thz^7 connected\n"
2012-04-27-16-47-39|Item: 2 weapon_rocketlauncher
2012-04-27-16-47-40|ClientUserinfoChanged: 4 n\Thz\t\0\model\sarge\hmodel\sarge\g_redteam\\g_blueteam\\c1\4\c2\5\hc\100\w\0\l\0\tt\0\tl\0\id\2BEA6F12C7F6A6FA1D2B46B4B41D1C44
2012-04-27-16-47-40|Playerstore: Nothing to restore. Guid: 2BEA6F12C7F6A6FA1D2B46B4B41D1C44
2012-04-27-16-47-40|broadcast: print "Thz^7 entered the game\n"
2012-04-27-16-47-40|ClientBegin: 4
2012-04-27-16-47-40|Kill: 3 2 8: Revell killed Archangel by MOD_PLASMA
2012-04-27-16-47-41|Item: 4 weapon_shotgun
2012-04-27-16-47-42|Item: 3 ammo_rockets
2012-04-27-16-47-43|Item: 4 ammo_cells
2012-04-27-16-47-43|Item: 4 weapon_railgun
2012-04-27-16-47-43|Item: 3 weapon_rocketlauncher
2012-04-27-16-47-44|Item: 2 item_armor_shard
2012-04-27-16-47-44|Item: 2 item_armor_shard
2012-04-27-16-47-45|Item: 3 weapon_plasmagun
2012-04-27-16-47-46|Item: 2 ammo_rockets
2012-04-27-16-47-47|Item: 3 item_health
2012-04-27-16-47-50|Item: 2 weapon_rocketlauncher
2012-04-27-16-47-50|Item: 3 item_armor_combat
2012-04-27-16-47-59|Item: 2 weapon_plasmagun
2012-04-27-16-47-59|Item: 2 ammo_bullets
2012-04-27-16-48-03|Item: 2 item_armor_combat
2012-04-27-16-48-04|Item: 2 weapon_lightning
2012-04-27-16-48-05|Item: 3 item_health
2012-04-27-16-48-07|Item: 2 item_armor_combat
2012-04-27-16-48-09|Item: 4 weapon_rocketlauncher
2012-04-27-16-48-10|Item: 3 item_health
2012-04-27-16-48-10|Item: 2 item_health
2012-04-27-16-48-12|Item: 2 item_armor_shard
2012-04-27-16-48-12|Item: 2 item_armor_shard
2012-04-27-16-48-12|Item: 2 item_armor_shard
2012-04-27-16-48-12|Item: 2 item_armor_shard
2012-04-27-16-48-16|Kill: 3 2 8: Revell killed Archangel by MOD_PLASMA
2012-04-27-16-48-17|Item: 3 weapon_plasmagun
2012-04-27-16-48-18|Item: 3 weapon_grenadelauncher
2012-04-27-16-48-18|Item: 2 weapon_lightning
2012-04-27-16-48-24|Item: 4 item_health
2012-04-27-16-48-25|Kill: 4 2 7: Thz killed Archangel by MOD_ROCKET_SPLASH
2012-04-27-16-48-26|Item: 4 ammo_rockets
2012-04-27-16-48-26|Item: 4 weapon_rocketlauncher
2012-04-27-16-48-29|Item: 3 weapon_lightning
2012-04-27-16-48-29|Item: 2 ammo_bullets
2012-04-27-16-48-30|Item: 2 ammo_cells
2012-04-27-16-48-31|Kill: 3 4 11: Revell killed Thz by MOD_LIGHTNING
2012-04-27-16-48-31|Item: 2 item_health_small
2012-04-27-16-48-31|Item: 2 item_health_small
2012-04-27-16-48-31|Item: 2 item_health_small
2012-04-27-16-48-31|Item: 2 item_health_small
2012-04-27-16-48-34|Item: 2 item_armor_combat
2012-04-27-16-48-34|Item: 2 weapon_lightning
2012-04-27-16-48-34|Item: 3 item_armor_combat
2012-04-27-16-48-35|Item: 4 weapon_grenadelauncher
2012-04-27-16-48-35|Item: 2 ammo_shells
2012-04-27-16-48-37|Item: 3 weapon_plasmagun
2012-04-27-16-48-37|Item: 4 item_armor_combat
2012-04-27-16-48-39|Item: 4 ammo_cells
2012-04-27-16-48-39|Item: 4 weapon_railgun
2012-04-27-16-48-39|Item: 2 ammo_rockets
2012-04-27-16-48-40|Item: 3 weapon_lightning
2012-04-27-16-48-44|Item: 2 weapon_railgun
2012-04-27-16-48-44|Kill: 3 4 11: Revell killed Thz by MOD_LIGHTNING
2012-04-27-16-48-46|Item: 3 item_health
2012-04-27-16-48-47|Item: 4 weapon_lightning
2012-04-27-16-48-50|Item: 3 item_health
2012-04-27-16-48-50|Item: 4 weapon_rocketlauncher
2012-04-27-16-48-51|Item: 3 item_armor_shard
2012-04-27-16-48-51|Item: 3 item_armor_shard
2012-04-27-16-48-51|Item: 3 item_armor_shard
2012-04-27-16-48-51|Item: 3 item_armor_shard
2012-04-27-16-48-52|Item: 4 weapon_rocketlauncher
2012-04-27-16-48-55|Item: 3 item_health
2012-04-27-16-48-55|Item: 3 weapon_lightning
2012-04-27-16-48-56|Kill: 4 3 6: Thz killed Revell by MOD_ROCKET
2012-04-27-16-48-59|Item: 3 weapon_railgun
2012-04-27-16-49-00|Item: 2 weapon_plasmagun
2012-04-27-16-49-01|Item: 3 weapon_railgun
2012-04-27-16-49-01|Item: 3 weapon_shotgun
2012-04-27-16-49-03|Item: 2 item_armor_combat
2012-04-27-16-49-04|Item: 3 item_armor_combat
2012-04-27-16-49-08|Item: 2 weapon_rocketlauncher
2012-04-27-16-49-08|Item: 4 weapon_plasmagun
2012-04-27-16-49-08|Item: 2 ammo_rockets
2012-04-27-16-49-10|Item: 4 item_health
2012-04-27-16-49-11|Kill: 4 2 7: Thz killed Archangel by MOD_ROCKET_SPLASH
2012-04-27-16-49-13|Item: 4 weapon_rocketlauncher
2012-04-27-16-49-13|Item: 3 ammo_bullets
2012-04-27-16-49-13|Item: 3 weapon_plasmagun
2012-04-27-16-49-15|Item: 2 weapon_railgun
2012-04-27-16-49-16|Item: 4 weapon_rocketlauncher
2012-04-27-16-49-20|Kill: 3 4 10: Revell killed Thz by MOD_RAILGUN
2012-04-27-16-49-20|Item: 2 ammo_cells
2012-04-27-16-49-21|Item: 2 weapon_railgun
2012-04-27-16-49-21|Item: 3 weapon_rocketlauncher
2012-04-27-16-49-24|Item: 3 ammo_rockets
2012-04-27-16-49-25|Item: 3 item_armor_shard
2012-04-27-16-49-25|Item: 3 item_armor_shard
2012-04-27-16-49-25|Item: 3 item_armor_shard
2012-04-27-16-49-28|Item: 3 item_armor_shard
2012-04-27-16-49-28|Item: 2 weapon_railgun
2012-04-27-16-49-32|Kill: 4 3 3: Thz killed Revell by MOD_MACHINEGUN
2012-04-27-16-49-33|Item: 4 weapon_railgun
2012-04-27-16-49-35|Item: 4 weapon_grenadelauncher
2012-04-27-16-49-35|Item: 3 ammo_cells
2012-04-27-16-49-37|Item: 4 item_health
2012-04-27-16-49-37|Item: 4 item_armor_combat
2012-04-27-16-49-39|Item: 4 weapon_railgun
2012-04-27-16-49-41|Item: 2 ammo_shells
2012-04-27-16-49-41|Item: 3 weapon_rocketlauncher
2012-04-27-16-49-41|Item: 4 weapon_lightning
2012-04-27-16-49-42|Item: 4 item_armor_combat
2012-04-27-16-49-42|Kill: 2 4 10: Archangel killed Thz by MOD_RAILGUN
2012-04-27-16-49-42|Item: 2 weapon_lightning
2012-04-27-16-49-45|Item: 3 weapon_plasmagun
2012-04-27-16-49-49|Item: 2 weapon_grenadelauncher
2012-04-27-16-49-49|Item: 4 weapon_rocketlauncher
2012-04-27-16-49-49|Item: 4 ammo_rockets
2012-04-27-16-49-49|Item: 3 weapon_lightning
2012-04-27-16-49-54|Item: 2 weapon_grenadelauncher
2012-04-27-16-49-54|Kill: 4 2 6: Thz killed Archangel by MOD_ROCKET
2012-04-27-16-49-55|Item: 3 item_health
2012-04-27-16-49-55|Kill: 4 3 7: Thz killed Revell by MOD_ROCKET_SPLASH
2012-04-27-16-49-55|Award: 4 1: Thz gained the EXCELLENT award!
2012-04-27-16-49-57|Item: 3 weapon_shotgun
2012-04-27-16-49-58|Item: 2 weapon_rocketlauncher
2012-04-27-16-49-59|Item: 4 item_armor_shard
2012-04-27-16-49-59|Item: 4 item_armor_shard
2012-04-27-16-49-59|Item: 4 item_armor_shard
2012-04-27-16-49-59|Item: 4 item_armor_shard
2012-04-27-16-50-00|Item: 3 weapon_grenadelauncher
2012-04-27-16-50-02|Kill: 4 2 6: Thz killed Archangel by MOD_ROCKET
2012-04-27-16-50-02|Kill: 4 3 7: Thz killed Revell by MOD_ROCKET_SPLASH
2012-04-27-16-50-02|Award: 4 1: Thz gained the EXCELLENT award!
2012-04-27-16-50-04|Item: 4 weapon_rocketlauncher
2012-04-27-16-50-05|Item: 2 weapon_lightning
2012-04-27-16-50-05|Item: 3 weapon_rocketlauncher
2012-04-27-16-50-08|Kill: 4 2 7: Thz killed Archangel by MOD_ROCKET_SPLASH
2012-04-27-16-50-09|Kill: 4 3 7: Thz killed Revell by MOD_ROCKET_SPLASH
2012-04-27-16-50-09|Award: 4 1: Thz gained the EXCELLENT award!
2012-04-27-16-50-10|Item: 4 weapon_rocketlauncher
2012-04-27-16-50-10|Item: 2 ammo_cells
2012-04-27-16-50-11|Item: 2 weapon_railgun
2012-04-27-16-50-13|Item: 4 item_armor_combat
2012-04-27-16-50-15|Item: 3 weapon_lightning
2012-04-27-16-50-15|Item: 3 item_armor_combat
2012-04-27-16-50-16|Kill: 3 2 11: Revell killed Archangel by MOD_LIGHTNING
2012-04-27-16-50-17|Item: 3 weapon_railgun
2012-04-27-16-50-17|Item: 3 weapon_rocketlauncher
2012-04-27-16-50-18|Item: 3 weapon_lightning
2012-04-27-16-50-20|Item: 3 weapon_lightning
2012-04-27-16-50-20|Item: 3 weapon_shotgun
2012-04-27-16-50-20|Item: 3 ammo_rockets
2012-04-27-16-50-21|Item: 4 item_health
2012-04-27-16-50-22|Item: 4 ammo_shells
2012-04-27-16-50-22|Item: 2 ammo_bullets
2012-04-27-16-50-23|Kill: 4 2 7: Thz killed Archangel by MOD_ROCKET_SPLASH
2012-04-27-16-50-23|Kill: 4 3 7: Thz killed Revell by MOD_ROCKET_SPLASH
2012-04-27-16-50-23|Award: 4 1: Thz gained the EXCELLENT award!
2012-04-27-16-50-25|Item: 2 weapon_shotgun
2012-04-27-16-50-27|Item: 3 weapon_rocketlauncher
2012-04-27-16-50-29|Item: 4 item_health
2012-04-27-16-50-30|Item: 2 item_armor_shard
2012-04-27-16-50-30|Item: 2 item_armor_shard
2012-04-27-16-50-30|Item: 2 item_armor_shard
2012-04-27-16-50-30|Item: 2 item_armor_shard
2012-04-27-16-50-33|Kill: 4 2 7: Thz killed Archangel by MOD_ROCKET_SPLASH
2012-04-27-16-50-34|Kill: 4 3 7: Thz killed Revell by MOD_ROCKET_SPLASH
2012-04-27-16-50-34|Award: 4 1: Thz gained the EXCELLENT award!
2012-04-27-16-50-36|Item: 4 weapon_rocketlauncher
2012-04-27-16-50-36|Item: 4 weapon_lightning
2012-04-27-16-50-37|Item: 2 ammo_rockets
2012-04-27-16-50-37|Item: 2 weapon_rocketlauncher
2012-04-27-16-50-37|Item: 4 ammo_cells
2012-04-27-16-50-37|Item: 3 weapon_railgun
2012-04-27-16-50-38|Item: 4 item_health_small
2012-04-27-16-50-38|Item: 4 item_health_small
2012-04-27-16-50-38|Item: 4 item_health_small
2012-04-27-16-50-38|Item: 4 item_health_small
2012-04-27-16-50-39|Item: 3 weapon_shotgun
2012-04-27-16-50-42|Item: 3 weapon_lightning
2012-04-27-16-50-42|Item: 3 item_armor_combat
2012-04-27-16-50-44|Item: 3 weapon_rocketlauncher
2012-04-27-16-50-47|Item: 2 item_health
2012-04-27-16-50-48|Kill: 4 2 6: Thz killed Archangel by MOD_ROCKET
2012-04-27-16-50-48|Exit: Fraglimit hit.
2012-04-27-16-50-48|score: 15  ping: 0  client: 4 Thz
2012-04-27-16-50-48|score: 10  ping: 0  client: 3 Revell
2012-04-27-16-50-48|score: 1  ping: 2  client: 2 Archangel
2012-04-27-16-50-48|broadcast: print "Thz^7 hit the fraglimit.\n"
2012-04-27-16-50-54|g_gametype will be changed upon restarting.
2012-04-27-16-50-54|==== ShutdownGame ====
2012-04-27-16-50-54|ShutdownGame:
2012-04-27-16-50-54|------------------------------------------------------------
2012-04-27-16-50-54|AAS shutdown.
2012-04-27-16-50-54|------ Server Initialization ------
2012-04-27-16-50-54|Server: ps37ctf
2012-04-27-16-50-54|Hunk_Clear: reset the hunk ok
2012-04-27-16-50-54|----- FS_Startup -----
2012-04-27-16-50-54|Current search path:
2012-04-27-16-50-54|/home/jeroen/.openarena/baseoa
2012-04-27-16-50-54|/usr/lib/games/openarena/baseoa/pak6-patch085.pk3 (559 files)
2012-04-27-16-50-54|/usr/lib/games/openarena/baseoa/pak6-misc.pk3 (229 files)
2012-04-27-16-50-54|/usr/lib/games/openarena/baseoa/pak5-TA.pk3 (139 files)
2012-04-27-16-50-54|/usr/lib/games/openarena/baseoa/pak4-textures.pk3 (1753 files)
2012-04-27-16-50-54|/usr/lib/games/openarena/baseoa/pak2-players.pk3 (669 files)
2012-04-27-16-50-54|/usr/lib/games/openarena/baseoa/pak2-players-mature.pk3 (231 files)
2012-04-27-16-50-54|/usr/lib/games/openarena/baseoa/pak1-maps.pk3 (100 files)
2012-04-27-16-50-54|/usr/lib/games/openarena/baseoa/pak0.pk3 (1042 files)
2012-04-27-16-50-54|/usr/lib/games/openarena/baseoa
2012-04-27-16-50-54|
2012-04-27-16-50-54|----------------------
2012-04-27-16-50-54|4722 files in pk3 files
2012-04-27-16-50-54|Loading vm file vm/qagame.qvm...
2012-04-27-16-50-54|File "vm/qagame.qvm" found in "/usr/lib/games/openarena/baseoa/pak6-patch085.pk3"
2012-04-27-16-50-54|...which has vmMagic VM_MAGIC_USE_NATIVE.
2012-04-27-16-50-54|... trying pak6-patch085/qagame
2012-04-27-16-50-54|Sys_LoadDll(pak6-patch085/qagamex86_64.so) could not find it
2012-04-27-16-50-54|... trying qagame
2012-04-27-16-50-54|Loading DLL file: /usr/lib/games/openarena/baseoa/qagamex86_64.so
2012-04-27-16-50-54|Sys_LoadDll(qagame) found vmMain function at 0x7f8353978480
2012-04-27-16-50-54|Loaded DLL file instead.
2012-04-27-16-50-54|------- Game Initialization -------
2012-04-27-16-50-54|gamename: baseoa
2012-04-27-16-50-54|gamedate: Aug  9 2011
2012-04-27-16-50-54|------------------------------------------------------------
2012-04-27-16-50-54|InitGame: \protocol\71\sv_hostname\Spil OA Server\sv_maxclients\16\sv_minPing\0\sv_maxPing\400\sv_maxRate\25000\sv_allowdownload\1\sv_privateClients\2\capturelimit\5\timelimit\0\fraglimit\15\bot_minplayers\0\g_allowvote\1\g_voteGametypes\/0/3/4/5/8/10\g_delagHitscan\1\dmflags\88\g_instantgib\0\g_rockets\0\g_voteMaxTimelimit\1000\g_voteMinTimelimit\0\g_voteMaxFraglimit\0\g_voteMinFraglimit\0\g_gametype\4\g_lms_mode\0\elimination_roundtime\120\g_doWarmup\0\videoflags\7\g_maxGameClients\0\sv_minRate\0\sv_floodProtect\1\version\ioq3 1.36+svn1946-5/Ubuntu linux-x86_64 Aug  9 2011\mapname\ps37ctf\gamename\baseoa\elimflags\0\voteflags\2\g_needpass\0\g_obeliskRespawnDelay\10\g_enableDust\0\g_enableBreath\0\g_altExcellent\0
2012-04-27-16-50-54|Info: ServerInfo length: 714 of 1024
2012-04-27-16-50-54|Gametype changed, clearing session data.
2012-04-27-16-50-54|^3!readconfig: ^7could not open admin config file admin.dat
2012-04-27-16-50-54|Sprees/Kills: loaded 1 killing sprees, 0 death sprees, and 0 multikills.
2012-04-27-16-50-54|0 teams with 0 entities
2012-04-27-16-50-54|20 items registered
2012-04-27-16-50-54|-----------------------------------
2012-04-27-16-50-54|------- BotLib Initialization -------
2012-04-27-16-50-54|loaded weapons.c
2012-04-27-16-50-54|loaded items.c
2012-04-27-16-50-54|loaded syn.c
2012-04-27-16-50-54|loaded rnd.c
2012-04-27-16-50-54|loaded match.c
2012-04-27-16-50-54|loaded rchat.c
2012-04-27-16-50-54|------------ Map Loading ------------
2012-04-27-16-50-54|trying to load maps/ps37ctf.aas
2012-04-27-16-50-54|loaded maps/ps37ctf.aas
2012-04-27-16-50-54|found 58 level items
2012-04-27-16-50-54|-------------------------------------
2012-04-27-16-50-54|24 bots parsed
2012-04-27-16-50-54|51 arenas parsed
2012-04-27-16-50-54|AAS initialized.
2012-04-27-16-50-54|ClientUserinfoChanged: 2 n\Archangel\t\3\model\assassin/ghost\hmodel\assassin/ghost\g_redteam\\g_blueteam\\c1\4\c2\4\hc\100\w\0\l\0\tt\0\tl\0\id\38954A04BB21D38BA7C75955EFBE446E
2012-04-27-16-50-54|ClientConnect: 2
2012-04-27-16-50-54|ClientUserinfoChanged: 3 n\Revell\t\3\model\major/default\hmodel\major/default\g_redteam\\g_blueteam\\c1\5\c2\5\hc\100\w\0\l\0\tt\0\tl\0\id\978E21D180BF6D8EBEAA5D3897170E94
2012-04-27-16-50-54|ClientConnect: 3
2012-04-27-16-50-54|ClientUserinfoChanged: 4 n\Thz\t\3\model\james\hmodel\*james\g_redteam\\g_blueteam\\c1\4\c2\5\hc\100\w\0\l\0\tt\0\tl\0\id\2BEA6F12C7F6A6FA1D2B46B4B41D1C44
2012-04-27-16-50-54|ClientConnect: 4
2012-04-27-16-50-54|-----------------------------------
2012-04-27-16-50-55|ClientUserinfoChanged: 3 n\Revell\t\3\model\major/default\hmodel\major/default\g_redteam\\g_blueteam\\c1\5\c2\5\hc\100\w\0\l\0\tt\0\tl\0\id\978E21D180BF6D8EBEAA5D3897170E94
2012-04-27-16-50-55|ClientBegin: 3
2012-04-27-16-50-56|ClientUserinfoChanged: 2 n\Archangel\t\3\model\assassin/ghost\hmodel\assassin/ghost\g_redteam\\g_blueteam\\c1\4\c2\4\hc\100\w\0\l\0\tt\0\tl\0\id\38954A04BB21D38BA7C75955EFBE446E
2012-04-27-16-50-56|ClientBegin: 2
2012-04-27-16-50-56|ClientUserinfoChanged: 4 n\Thz\t\3\model\james\hmodel\*james\g_redteam\\g_blueteam\\c1\4\c2\5\hc\100\w\0\l\0\tt\0\tl\0\id\2BEA6F12C7F6A6FA1D2B46B4B41D1C44
2012-04-27-16-50-56|ClientBegin: 4
2012-04-27-16-50-59|ClientUserinfoChanged: 4 n\Thz\t\2\model\james\hmodel\*james\g_redteam\\g_blueteam\\c1\4\c2\5\hc\100\w\0\l\0\tt\0\tl\1\id\2BEA6F12C7F6A6FA1D2B46B4B41D1C44
2012-04-27-16-50-59|ClientUserinfoChanged: 4 n\Thz\t\2\model\james\hmodel\*james\g_redteam\\g_blueteam\\c1\4\c2\5\hc\100\w\0\l\0\tt\0\tl\1\id\2BEA6F12C7F6A6FA1D2B46B4B41D1C44
2012-04-27-16-50-59|Playerstore: Nothing to restore. Guid: 2BEA6F12C7F6A6FA1D2B46B4B41D1C44
2012-04-27-16-50-59|broadcast: print "Thz^7 entered the game\n"
2012-04-27-16-50-59|ClientBegin: 4
2012-04-27-16-51-03|ClientUserinfoChanged: 2 n\Archangel\t\1\model\assassin/ghost\hmodel\assassin/ghost\g_redteam\\g_blueteam\\c1\4\c2\4\hc\100\w\0\l\0\tt\0\tl\1\id\38954A04BB21D38BA7C75955EFBE446E
2012-04-27-16-51-03|ClientUserinfoChanged: 2 n\Archangel\t\1\model\assassin/ghost\hmodel\assassin/ghost\g_redteam\\g_blueteam\\c1\4\c2\4\hc\100\w\0\l\0\tt\0\tl\1\id\38954A04BB21D38BA7C75955EFBE446E
2012-04-27-16-51-03|Playerstore: Nothing to restore. Guid: 38954A04BB21D38BA7C75955EFBE446E
2012-04-27-16-51-03|broadcast: print "Archangel^7 entered the game\n"
2012-04-27-16-51-03|ClientBegin: 2
2012-04-27-16-51-06|Item: 2 item_armor_combat
2012-04-27-16-51-06|ClientUserinfoChanged: 3 n\Revell\t\2\model\major/default\hmodel\major/default\g_redteam\\g_blueteam\\c1\5\c2\5\hc\100\w\0\l\0\tt\0\tl\0\id\978E21D180BF6D8EBEAA5D3897170E94
2012-04-27-16-51-06|Playerstore: Nothing to restore. Guid: 978E21D180BF6D8EBEAA5D3897170E94
2012-04-27-16-51-06|broadcast: print "Revell^7 entered the game\n"
2012-04-27-16-51-06|ClientBegin: 3
2012-04-27-16-51-10|broadcast: print "Revell called a vote.\n"
2012-04-27-16-51-11|broadcast: print "Vote passed.\n"
2012-04-27-16-51-14|g_gametype will be changed upon restarting.
2012-04-27-16-51-14|==== ShutdownGame ====
2012-04-27-16-51-14|ShutdownGame:
2012-04-27-16-51-14|------------------------------------------------------------
2012-04-27-16-51-14|AAS shutdown.
2012-04-27-16-51-14|------ Server Initialization ------
2012-04-27-16-51-14|Server: oa_dm1
2012-04-27-16-51-14|Hunk_Clear: reset the hunk ok
2012-04-27-16-51-14|----- FS_Startup -----
2012-04-27-16-51-14|Current search path:
2012-04-27-16-51-14|/home/jeroen/.openarena/baseoa
2012-04-27-16-51-14|/usr/lib/games/openarena/baseoa/pak6-patch085.pk3 (559 files)
2012-04-27-16-51-14|/usr/lib/games/openarena/baseoa/pak6-misc.pk3 (229 files)
2012-04-27-16-51-14|/usr/lib/games/openarena/baseoa/pak5-TA.pk3 (139 files)
2012-04-27-16-51-14|/usr/lib/games/openarena/baseoa/pak4-textures.pk3 (1753 files)
2012-04-27-16-51-14|/usr/lib/games/openarena/baseoa/pak2-players.pk3 (669 files)
2012-04-27-16-51-14|/usr/lib/games/openarena/baseoa/pak2-players-mature.pk3 (231 files)
2012-04-27-16-51-14|/usr/lib/games/openarena/baseoa/pak1-maps.pk3 (100 files)
2012-04-27-16-51-14|/usr/lib/games/openarena/baseoa/pak0.pk3 (1042 files)
2012-04-27-16-51-14|/usr/lib/games/openarena/baseoa
2012-04-27-16-51-14|
2012-04-27-16-51-14|----------------------
2012-04-27-16-51-14|4722 files in pk3 files
2012-04-27-16-51-14|Loading vm file vm/qagame.qvm...
2012-04-27-16-51-14|File "vm/qagame.qvm" found in "/usr/lib/games/openarena/baseoa/pak6-patch085.pk3"
2012-04-27-16-51-14|...which has vmMagic VM_MAGIC_USE_NATIVE.
2012-04-27-16-51-14|... trying pak6-patch085/qagame
2012-04-27-16-51-14|Sys_LoadDll(pak6-patch085/qagamex86_64.so) could not find it
2012-04-27-16-51-14|... trying qagame
2012-04-27-16-51-14|Loading DLL file: /usr/lib/games/openarena/baseoa/qagamex86_64.so
2012-04-27-16-51-14|Sys_LoadDll(qagame) found vmMain function at 0x7f8353978480
2012-04-27-16-51-14|Loaded DLL file instead.
2012-04-27-16-51-14|------- Game Initialization -------
2012-04-27-16-51-14|gamename: baseoa
2012-04-27-16-51-14|gamedate: Aug  9 2011
2012-04-27-16-51-14|------------------------------------------------------------
2012-04-27-16-51-14|InitGame: \protocol\71\sv_hostname\Spil OA Server\sv_maxclients\16\sv_minPing\0\sv_maxPing\400\sv_maxRate\25000\sv_allowdownload\1\sv_privateClients\2\capturelimit\5\timelimit\0\fraglimit\15\bot_minplayers\0\g_allowvote\1\g_voteGametypes\/0/3/4/5/8/10\g_delagHitscan\1\dmflags\88\g_instantgib\0\g_rockets\0\g_voteMaxTimelimit\1000\g_voteMinTimelimit\0\g_voteMaxFraglimit\0\g_voteMinFraglimit\0\g_gametype\0\g_lms_mode\0\elimination_roundtime\120\g_doWarmup\0\videoflags\7\g_maxGameClients\0\sv_minRate\0\sv_floodProtect\1\version\ioq3 1.36+svn1946-5/Ubuntu linux-x86_64 Aug  9 2011\mapname\oa_dm1\gamename\baseoa\elimflags\0\voteflags\2\g_needpass\0\g_obeliskRespawnDelay\10\g_enableDust\0\g_enableBreath\0\g_altExcellent\0
2012-04-27-16-51-14|Info: ServerInfo length: 713 of 1024
2012-04-27-16-51-14|Gametype changed, clearing session data.
2012-04-27-16-51-14|^3!readconfig: ^7could not open admin config file admin.dat
2012-04-27-16-51-14|Sprees/Kills: loaded 1 killing sprees, 0 death sprees, and 0 multikills.
2012-04-27-16-51-14|0 teams with 0 entities
2012-04-27-16-51-14|19 items registered
2012-04-27-16-51-14|-----------------------------------
2012-04-27-16-51-14|------- BotLib Initialization -------
2012-04-27-16-51-14|loaded weapons.c
2012-04-27-16-51-14|loaded items.c
2012-04-27-16-51-14|loaded syn.c
2012-04-27-16-51-14|loaded rnd.c
2012-04-27-16-51-14|loaded match.c
2012-04-27-16-51-14|loaded rchat.c
2012-04-27-16-51-14|------------ Map Loading ------------
2012-04-27-16-51-14|trying to load maps/oa_dm1.aas
2012-04-27-16-51-14|loaded maps/oa_dm1.aas
2012-04-27-16-51-14|found 30 level items
2012-04-27-16-51-14|-------------------------------------
2012-04-27-16-51-14|24 bots parsed
2012-04-27-16-51-14|51 arenas parsed
2012-04-27-16-51-14|AAS initialized.
2012-04-27-16-51-14|ClientUserinfoChanged: 2 n\Archangel\t\0\model\assassin/ghost\hmodel\assassin/ghost\g_redteam\\g_blueteam\\c1\4\c2\4\hc\100\w\0\l\0\tt\0\tl\0\id\38954A04BB21D38BA7C75955EFBE446E
2012-04-27-16-51-14|ClientConnect: 2
2012-04-27-16-51-14|ClientUserinfoChanged: 3 n\Revell\t\0\model\major/default\hmodel\major/default\g_redteam\\g_blueteam\\c1\5\c2\5\hc\100\w\0\l\0\tt\0\tl\0\id\978E21D180BF6D8EBEAA5D3897170E94
2012-04-27-16-51-14|ClientConnect: 3
2012-04-27-16-51-14|ClientUserinfoChanged: 4 n\Thz\t\0\model\sarge\hmodel\sarge\g_redteam\\g_blueteam\\c1\4\c2\5\hc\100\w\0\l\0\tt\0\tl\0\id\2BEA6F12C7F6A6FA1D2B46B4B41D1C44
2012-04-27-16-51-14|ClientConnect: 4
2012-04-27-16-51-14|-----------------------------------
2012-04-27-16-51-15|ClientUserinfoChanged: 3 n\Revell\t\0\model\major/default\hmodel\major/default\g_redteam\\g_blueteam\\c1\5\c2\5\hc\100\w\0\l\0\tt\0\tl\0\id\978E21D180BF6D8EBEAA5D3897170E94
2012-04-27-16-51-15|Playerstore: Nothing to restore. Guid: 978E21D180BF6D8EBEAA5D3897170E94
2012-04-27-16-51-15|broadcast: print "Revell^7 entered the game\n"
2012-04-27-16-51-15|ClientBegin: 3
2012-04-27-16-51-15|ClientUserinfoChanged: 2 n\Archangel\t\0\model\assassin/ghost\hmodel\assassin/ghost\g_redteam\\g_blueteam\\c1\4\c2\4\hc\100\w\0\l\0\tt\0\tl\0\id\38954A04BB21D38BA7C75955EFBE446E
2012-04-27-16-51-15|Playerstore: Nothing to restore. Guid: 38954A04BB21D38BA7C75955EFBE446E
2012-04-27-16-51-15|broadcast: print "Archangel^7 entered the game\n"
2012-04-27-16-51-15|ClientBegin: 2
2012-04-27-16-51-15|ClientUserinfoChanged: 4 n\Thz\t\0\model\sarge\hmodel\sarge\g_redteam\\g_blueteam\\c1\4\c2\5\hc\100\w\0\l\0\tt\0\tl\0\id\2BEA6F12C7F6A6FA1D2B46B4B41D1C44
2012-04-27-16-51-15|Playerstore: Nothing to restore. Guid: 2BEA6F12C7F6A6FA1D2B46B4B41D1C44
2012-04-27-16-51-15|broadcast: print "Thz^7 entered the game\n"
2012-04-27-16-51-15|ClientBegin: 4
2012-04-27-16-51-17|Item: 4 ammo_bullets
2012-04-27-16-51-17|Item: 2 weapon_shotgun
2012-04-27-16-51-19|Item: 3 weapon_plasmagun
2012-04-27-16-51-19|Item: 4 ammo_grenades
2012-04-27-16-51-20|Item: 4 ammo_rockets
2012-04-27-16-51-20|Item: 4 item_armor_shard
2012-04-27-16-51-20|Item: 2 weapon_lightning
2012-04-27-16-51-20|Item: 3 weapon_grenadelauncher
2012-04-27-16-51-20|Item: 4 item_armor_shard
2012-04-27-16-51-20|Item: 4 item_armor_shard
2012-04-27-16-51-21|Item: 4 item_armor_shard
2012-04-27-16-51-21|Item: 4 item_armor_shard
2012-04-27-16-51-21|Item: 4 item_armor_shard
2012-04-27-16-51-21|Item: 4 item_armor_shard
2012-04-27-16-51-21|Item: 4 item_armor_shard
2012-04-27-16-51-22|Item: 3 weapon_rocketlauncher
2012-04-27-16-51-25|Item: 3 weapon_shotgun
2012-04-27-16-51-27|Kill: 2 3 11: Archangel killed Revell by MOD_LIGHTNING
2012-04-27-16-51-29|Item: 4 weapon_plasmagun
2012-04-27-16-51-33|Kill: 4 2 8: Thz killed Archangel by MOD_PLASMA
2012-04-27-16-51-33|Item: 4 weapon_shotgun
2012-04-27-16-51-36|Item: 4 item_health
2012-04-27-16-51-37|Item: 4 item_health
2012-04-27-16-51-39|Item: 2 weapon_lightning
2012-04-27-16-51-39|Item: 4 weapon_grenadelauncher
2012-04-27-16-51-41|Item: 4 weapon_rocketlauncher
2012-04-27-16-51-44|Item: 4 ammo_cells
2012-04-27-16-51-45|Kill: 2 3 11: Archangel killed Revell by MOD_LIGHTNING
2012-04-27-16-51-46|Item: 4 ammo_rockets
2012-04-27-16-51-48|Item: 3 weapon_rocketlauncher
2012-04-27-16-51-49|Item: 2 item_health_large
2012-04-27-16-51-49|Item: 2 item_health_large
2012-04-27-16-51-50|Item: 4 item_armor_shard
2012-04-27-16-51-50|Item: 4 item_armor_shard
2012-04-27-16-51-50|Item: 4 item_armor_shard
2012-04-27-16-51-50|Item: 4 item_armor_shard
2012-04-27-16-51-51|Item: 2 weapon_lightning
2012-04-27-16-51-51|Item: 4 item_armor_shard
2012-04-27-16-51-51|Item: 4 item_armor_shard
2012-04-27-16-51-51|Item: 4 item_armor_shard
2012-04-27-16-51-51|Item: 4 item_armor_shard
2012-04-27-16-51-54|Kill: 3 2 7: Revell killed Archangel by MOD_ROCKET_SPLASH
2012-04-27-16-51-55|Item: 3 weapon_lightning
2012-04-27-16-51-58|Kill: 4 3 6: Thz killed Revell by MOD_ROCKET
2012-04-27-16-52-00|Item: 4 weapon_rocketlauncher
2012-04-27-16-52-00|Item: 2 weapon_plasmagun
2012-04-27-16-52-01|Item: 2 weapon_rocketlauncher
2012-04-27-16-52-03|Item: 2 weapon_grenadelauncher
2012-04-27-16-52-05|Item: 3 weapon_lightning
2012-04-27-16-52-05|Item: 2 ammo_shells
2012-04-27-16-52-07|Item: 3 weapon_shotgun
2012-04-27-16-52-09|Item: 2 weapon_grenadelauncher
2012-04-27-16-52-13|Kill: 1022 3 16: <world> killed Revell by MOD_LAVA
2012-04-27-16-52-16|Kill: 4 2 6: Thz killed Archangel by MOD_ROCKET
2012-04-27-16-52-18|Item: 4 weapon_rocketlauncher
2012-04-27-16-52-19|Item: 2 weapon_shotgun
2012-04-27-16-52-22|Item: 3 ammo_bullets
2012-04-27-16-52-24|Item: 4 item_armor_shard
2012-04-27-16-52-24|Item: 4 item_armor_shard
2012-04-27-16-52-25|Item: 4 item_armor_shard
2012-04-27-16-52-25|Item: 4 item_armor_shard
2012-04-27-16-52-25|Item: 3 item_invis
2012-04-27-16-52-25|Item: 4 item_armor_shard
2012-04-27-16-52-25|Item: 4 item_armor_shard
2012-04-27-16-52-25|Item: 4 item_armor_shard
2012-04-27-16-52-26|Item: 4 item_armor_shard
2012-04-27-16-52-26|Item: 4 ammo_rockets
2012-04-27-16-52-27|Item: 4 ammo_grenades
2012-04-27-16-52-28|Item: 2 item_armor_combat
2012-04-27-16-52-30|Kill: 4 3 6: Thz killed Revell by MOD_ROCKET
2012-04-27-16-52-30|Item: 4 item_invis
2012-04-27-16-52-33|Item: 3 weapon_rocketlauncher
2012-04-27-16-52-35|Item: 4 item_quad
2012-04-27-16-52-37|Kill: 4 3 6: Thz killed Revell by MOD_ROCKET
2012-04-27-16-52-39|Item: 4 item_health_large
2012-04-27-16-52-42|Item: 3 weapon_shotgun
2012-04-27-16-52-43|Kill: 4 2 7: Thz killed Archangel by MOD_ROCKET_SPLASH
2012-04-27-16-52-44|Item: 4 weapon_rocketlauncher
2012-04-27-16-52-48|Kill: 4 3 6: Thz killed Revell by MOD_ROCKET
2012-04-27-16-52-50|Item: 2 weapon_lightning
2012-04-27-16-52-51|Item: 3 weapon_shotgun
2012-04-27-16-52-52|Kill: 4 3 7: Thz killed Revell by MOD_ROCKET_SPLASH
2012-04-27-16-52-56|Kill: 2 4 11: Archangel killed Thz by MOD_LIGHTNING
2012-04-27-16-52-56|Item: 2 weapon_rocketlauncher
2012-04-27-16-52-57|Item: 2 item_quad
2012-04-27-16-52-59|Item: 4 item_armor_shard
2012-04-27-16-52-59|Item: 4 item_armor_shard
2012-04-27-16-52-59|Item: 3 item_armor_combat
2012-04-27-16-52-59|Item: 4 item_armor_shard
2012-04-27-16-53-00|Item: 4 item_armor_shard
2012-04-27-16-53-00|Item: 4 item_armor_shard
2012-04-27-16-53-00|Item: 4 item_armor_shard
2012-04-27-16-53-00|Item: 4 item_armor_shard
2012-04-27-16-53-00|Item: 4 item_armor_shard
2012-04-27-16-53-02|Item: 2 ammo_shells
2012-04-27-16-53-03|Item: 4 weapon_shotgun
2012-04-27-16-53-03|Kill: 1022 2 16: <world> killed Archangel by MOD_LAVA
2012-04-27-16-53-06|Item: 4 weapon_shotgun
2012-04-27-16-53-09|Item: 2 ammo_cells
2012-04-27-16-53-11|Kill: 4 3 1: Thz killed Revell by MOD_SHOTGUN
2012-04-27-16-53-12|Item: 4 item_health
2012-04-27-16-53-12|Item: 2 weapon_rocketlauncher
2012-04-27-16-53-13|Item: 4 item_health
2012-04-27-16-53-13|Item: 2 weapon_plasmagun
2012-04-27-16-53-17|Item: 4 weapon_rocketlauncher
2012-04-27-16-53-21|Kill: 2 2 9: Archangel killed Archangel by MOD_PLASMA_SPLASH
2012-04-27-16-53-23|Kill: 3 4 3: Revell killed Thz by MOD_MACHINEGUN
2012-04-27-16-53-24|Item: 2 weapon_shotgun
2012-04-27-16-53-25|Item: 3 weapon_rocketlauncher
2012-04-27-16-53-26|Item: 3 weapon_rocketlauncher
2012-04-27-16-53-26|Item: 4 ammo_bullets
2012-04-27-16-53-28|Item: 4 ammo_grenades
2012-04-27-16-53-29|Item: 4 ammo_rockets
2012-04-27-16-53-30|Item: 4 item_armor_shard
2012-04-27-16-53-30|Item: 4 item_armor_shard
2012-04-27-16-53-30|Item: 4 item_armor_shard
2012-04-27-16-53-31|Item: 4 item_armor_shard
2012-04-27-16-53-31|Item: 4 item_armor_shard
2012-04-27-16-53-31|Item: 3 ammo_rockets
2012-04-27-16-53-31|Item: 4 item_armor_shard
2012-04-27-16-53-31|Item: 4 item_armor_shard
2012-04-27-16-53-31|Item: 4 item_armor_shard
2012-04-27-16-53-35|Item: 2 weapon_grenadelauncher
2012-04-27-16-53-35|Kill: 3 4 7: Revell killed Thz by MOD_ROCKET_SPLASH
2012-04-27-16-53-35|Kill: 3 3 7: Revell killed Revell by MOD_ROCKET_SPLASH
2012-04-27-16-53-39|Item: 2 weapon_rocketlauncher
2012-04-27-16-53-41|Item: 4 weapon_shotgun
2012-04-27-16-53-42|Item: 3 weapon_lightning
2012-04-27-16-53-44|Item: 2 weapon_rocketlauncher
2012-04-27-16-53-48|Item: 4 weapon_rocketlauncher
2012-04-27-16-53-49|Item: 2 weapon_shotgun
2012-04-27-16-53-50|Item: 3 weapon_grenadelauncher
2012-04-27-16-53-51|Item: 3 weapon_rocketlauncher
2012-04-27-16-53-54|Item: 4 item_health
2012-04-27-16-53-54|Kill: 2 4 6: Archangel killed Thz by MOD_ROCKET
2012-04-27-16-53-56|Item: 2 weapon_shotgun
2012-04-27-16-53-57|Item: 4 item_armor_shard
2012-04-27-16-53-57|Item: 4 item_armor_shard
2012-04-27-16-53-57|Item: 4 item_armor_shard
2012-04-27-16-53-57|Item: 3 weapon_rocketlauncher
2012-04-27-16-53-58|Item: 4 item_armor_shard
2012-04-27-16-53-58|Item: 4 item_armor_shard
2012-04-27-16-53-58|Item: 4 item_armor_shard
2012-04-27-16-53-58|Item: 4 item_armor_shard
2012-04-27-16-53-58|Item: 4 item_armor_shard
2012-04-27-16-54-00|Item: 3 weapon_rocketlauncher
2012-04-27-16-54-01|Item: 3 item_health
2012-04-27-16-54-03|Kill: 2 4 6: Archangel killed Thz by MOD_ROCKET
2012-04-27-16-54-05|Item: 3 weapon_rocketlauncher
2012-04-27-16-54-08|Item: 4 weapon_rocketlauncher
2012-04-27-16-54-08|Item: 2 item_health_large
2012-04-27-16-54-09|Item: 2 item_health_large
2012-04-27-16-54-10|Item: 3 weapon_lightning
2012-04-27-16-54-11|Kill: 3 2 11: Revell killed Archangel by MOD_LIGHTNING
2012-04-27-16-54-15|Item: 2 ammo_cells
2012-04-27-16-54-15|Kill: 4 3 7: Thz killed Revell by MOD_ROCKET_SPLASH
2012-04-27-16-54-17|Item: 2 weapon_plasmagun
2012-04-27-16-54-20|Item: 2 weapon_rocketlauncher
2012-04-27-16-54-20|Item: 3 ammo_rockets
2012-04-27-16-54-23|Item: 2 weapon_grenadelauncher
2012-04-27-16-54-25|Item: 3 item_armor_shard
2012-04-27-16-54-25|Item: 3 item_armor_shard
2012-04-27-16-54-25|Item: 3 item_armor_shard
2012-04-27-16-54-25|Item: 3 item_armor_shard
2012-04-27-16-54-26|Item: 3 item_armor_shard
2012-04-27-16-54-26|Item: 3 item_armor_shard
2012-04-27-16-54-26|Item: 3 item_armor_shard
2012-04-27-16-54-27|Item: 3 ammo_rockets
2012-04-27-16-54-27|Item: 3 ammo_grenades
2012-04-27-16-54-29|Kill: 2 4 4: Archangel killed Thz by MOD_GRENADE
2012-04-27-16-54-30|Item: 3 item_invis
2012-04-27-16-54-31|Item: 3 weapon_lightning
2012-04-27-16-54-32|Item: 4 ammo_bullets
2012-04-27-16-54-34|Item: 4 ammo_shells
2012-04-27-16-54-34|Item: 3 weapon_lightning
2012-04-27-16-54-37|Item: 4 weapon_grenadelauncher
2012-04-27-16-54-38|Item: 2 weapon_rocketlauncher
2012-04-27-16-54-40|Kill: 4 3 5: Thz killed Revell by MOD_GRENADE_SPLASH
2012-04-27-16-54-43|Kill: 4 2 4: Thz killed Archangel by MOD_GRENADE
2012-04-27-16-54-43|Award: 4 1: Thz gained the EXCELLENT award!
2012-04-27-16-54-43|Kill: 2 4 7: Archangel killed Thz by MOD_ROCKET_SPLASH
2012-04-27-16-54-46|Item: 2 weapon_shotgun
2012-04-27-16-54-46|Item: 3 item_armor_shard
2012-04-27-16-54-48|Item: 3 item_quad
2012-04-27-16-54-51|Item: 4 item_armor_shard
2012-04-27-16-54-53|Item: 3 weapon_lightning
2012-04-27-16-54-53|Kill: 1022 2 16: <world> killed Archangel by MOD_LAVA
2012-04-27-16-54-55|Kill: 3 4 11: Revell killed Thz by MOD_LIGHTNING
2012-04-27-16-54-56|Item: 3 item_health_large
2012-04-27-16-54-58|Item: 3 weapon_shotgun
2012-04-27-16-55-00|Item: 4 weapon_rocketlauncher
2012-04-27-16-55-00|Item: 3 item_health
2012-04-27-16-55-00|Item: 2 item_armor_shard
2012-04-27-16-55-00|Item: 2 item_armor_shard
2012-04-27-16-55-00|Item: 2 item_armor_shard
2012-04-27-16-55-01|Item: 2 item_armor_shard
2012-04-27-16-55-01|Item: 4 weapon_rocketlauncher
2012-04-27-16-55-01|Item: 2 item_armor_shard
2012-04-27-16-55-01|Item: 2 item_armor_shard
2012-04-27-16-55-02|Item: 4 weapon_grenadelauncher
2012-04-27-16-55-03|Item: 3 item_invis
2012-04-27-16-55-03|Item: 3 weapon_lightning
2012-04-27-16-55-07|Item: 3 item_health
2012-04-27-16-55-09|Item: 2 weapon_lightning
2012-04-27-16-55-09|Kill: 3 4 11: Revell killed Thz by MOD_LIGHTNING
2012-04-27-16-55-14|Item: 4 ammo_bullets
2012-04-27-16-55-15|Kill: 3 2 11: Revell killed Archangel by MOD_LIGHTNING
2012-04-27-16-55-16|Item: 4 ammo_shells
2012-04-27-16-55-16|Item: 3 weapon_lightning
2012-04-27-16-55-18|Item: 3 weapon_lightning
2012-04-27-16-55-18|Item: 2 weapon_rocketlauncher
2012-04-27-16-55-19|Item: 3 item_health_large
2012-04-27-16-55-21|Item: 4 weapon_rocketlauncher
2012-04-27-16-55-22|Kill: 3 2 11: Revell killed Archangel by MOD_LIGHTNING
2012-04-27-16-55-25|Item: 4 ammo_rockets
2012-04-27-16-55-26|Item: 2 weapon_shotgun
2012-04-27-16-55-27|Item: 4 item_armor_shard
2012-04-27-16-55-27|Item: 4 item_armor_shard
2012-04-27-16-55-27|Item: 4 item_armor_shard
2012-04-27-16-55-28|Item: 4 item_armor_shard
2012-04-27-16-55-28|Item: 4 item_armor_shard
2012-04-27-16-55-28|Item: 4 item_armor_shard
2012-04-27-16-55-28|Item: 4 item_armor_shard
2012-04-27-16-55-28|Item: 4 item_armor_shard
2012-04-27-16-55-29|Item: 4 ammo_rockets
2012-04-27-16-55-29|Kill: 3 2 11: Revell killed Archangel by MOD_LIGHTNING
2012-04-27-16-55-31|Item: 3 weapon_shotgun
2012-04-27-16-55-33|Item: 4 weapon_rocketlauncher
2012-04-27-16-55-33|Item: 3 weapon_rocketlauncher
2012-04-27-16-55-33|Kill: 4 3 6: Thz killed Revell by MOD_ROCKET
2012-04-27-16-55-34|Item: 2 ammo_grenades
2012-04-27-16-55-36|Item: 4 item_health
2012-04-27-16-55-37|Item: 2 weapon_lightning
2012-04-27-16-55-38|Item: 3 ammo_cells
2012-04-27-16-55-42|Item: 4 weapon_rocketlauncher
2012-04-27-16-55-43|Item: 4 item_health
2012-04-27-16-55-44|Item: 3 weapon_lightning
2012-04-27-16-55-45|Item: 4 weapon_grenadelauncher
2012-04-27-16-55-47|Item: 3 weapon_lightning
2012-04-27-16-55-48|Item: 4 item_health
2012-04-27-16-55-49|Kill: 2 4 11: Archangel killed Thz by MOD_LIGHTNING
2012-04-27-16-55-49|Item: 2 weapon_rocketlauncher
2012-04-27-16-55-51|Item: 3 weapon_grenadelauncher
2012-04-27-16-55-54|Item: 2 weapon_lightning
2012-04-27-16-55-55|Item: 4 weapon_rocketlauncher
2012-04-27-16-55-57|Item: 2 item_health_large
2012-04-27-16-56-06|Item: 2 weapon_lightning
2012-04-27-16-56-08|Item: 4 weapon_plasmagun
2012-04-27-16-56-11|Kill: 3 4 11: Revell killed Thz by MOD_LIGHTNING
2012-04-27-16-56-13|Item: 3 weapon_plasmagun
2012-04-27-16-56-14|Item: 3 weapon_grenadelauncher
2012-04-27-16-56-15|Item: 3 item_health
2012-04-27-16-56-16|Item: 3 weapon_rocketlauncher
2012-04-27-16-56-17|Item: 3 item_health
2012-04-27-16-56-17|Item: 4 weapon_rocketlauncher
2012-04-27-16-56-17|Kill: 3 2 11: Revell killed Archangel by MOD_LIGHTNING
2012-04-27-16-56-19|Item: 3 weapon_lightning
2012-04-27-16-56-22|Item: 3 weapon_rocketlauncher
2012-04-27-16-56-22|Item: 2 ammo_bullets
2012-04-27-16-56-24|Item: 2 ammo_shells
2012-04-27-16-56-24|Item: 3 weapon_grenadelauncher
2012-04-27-16-56-32|Item: 2 item_health_large
2012-04-27-16-56-32|Item: 3 item_armor_combat
2012-04-27-16-56-34|Item: 2 weapon_lightning
2012-04-27-16-56-34|Kill: 4 2 6: Thz killed Archangel by MOD_ROCKET
2012-04-27-16-56-37|Item: 3 item_health
2012-04-27-16-56-38|Item: 3 item_health
2012-04-27-16-56-38|Item: 2 ammo_cells
2012-04-27-16-56-41|Item: 2 weapon_plasmagun
2012-04-27-16-56-42|Kill: 3 4 8: Revell killed Thz by MOD_PLASMA
2012-04-27-16-56-43|Item: 2 weapon_rocketlauncher
2012-04-27-16-56-45|Item: 3 weapon_grenadelauncher
2012-04-27-16-56-48|Kill: 4 3 3: Thz killed Revell by MOD_MACHINEGUN
2012-04-27-16-56-48|Exit: Fraglimit hit.
2012-04-27-16-56-48|score: 15  ping: 0  client: 4 Thz
2012-04-27-16-56-48|score: 10  ping: 0  client: 3 Revell
2012-04-27-16-56-48|score: 5  ping: 3  client: 2 Archangel
2012-04-27-16-56-48|broadcast: print "Thz^7 hit the fraglimit.\n"
2012-04-27-16-56-48|Item: 4 weapon_plasmagun
2012-04-27-16-56-54|g_gametype will be changed upon restarting.
2012-04-27-16-56-54|==== ShutdownGame ====
2012-04-27-16-56-54|ShutdownGame:
2012-04-27-16-56-54|------------------------------------------------------------
2012-04-27-16-56-54|AAS shutdown.
2012-04-27-16-56-54|------ Server Initialization ------
2012-04-27-16-56-54|Server: pul1ctf
2012-04-27-16-56-54|Hunk_Clear: reset the hunk ok
2012-04-27-16-56-54|----- FS_Startup -----
2012-04-27-16-56-54|Current search path:
2012-04-27-16-56-54|/home/jeroen/.openarena/baseoa
2012-04-27-16-56-54|/usr/lib/games/openarena/baseoa/pak6-patch085.pk3 (559 files)
2012-04-27-16-56-54|/usr/lib/games/openarena/baseoa/pak6-misc.pk3 (229 files)
2012-04-27-16-56-54|/usr/lib/games/openarena/baseoa/pak5-TA.pk3 (139 files)
2012-04-27-16-56-54|/usr/lib/games/openarena/baseoa/pak4-textures.pk3 (1753 files)
2012-04-27-16-56-54|/usr/lib/games/openarena/baseoa/pak2-players.pk3 (669 files)
2012-04-27-16-56-54|/usr/lib/games/openarena/baseoa/pak2-players-mature.pk3 (231 files)
2012-04-27-16-56-54|/usr/lib/games/openarena/baseoa/pak1-maps.pk3 (100 files)
2012-04-27-16-56-54|/usr/lib/games/openarena/baseoa/pak0.pk3 (1042 files)
2012-04-27-16-56-54|/usr/lib/games/openarena/baseoa
2012-04-27-16-56-54|
2012-04-27-16-56-54|----------------------
2012-04-27-16-56-54|4722 files in pk3 files
2012-04-27-16-56-54|Loading vm file vm/qagame.qvm...
2012-04-27-16-56-54|File "vm/qagame.qvm" found in "/usr/lib/games/openarena/baseoa/pak6-patch085.pk3"
2012-04-27-16-56-54|...which has vmMagic VM_MAGIC_USE_NATIVE.
2012-04-27-16-56-54|... trying pak6-patch085/qagame
2012-04-27-16-56-54|Sys_LoadDll(pak6-patch085/qagamex86_64.so) could not find it
2012-04-27-16-56-54|... trying qagame
2012-04-27-16-56-54|Loading DLL file: /usr/lib/games/openarena/baseoa/qagamex86_64.so
2012-04-27-16-56-54|Sys_LoadDll(qagame) found vmMain function at 0x7f8353978480
2012-04-27-16-56-54|Loaded DLL file instead.
2012-04-27-16-56-54|------- Game Initialization -------
2012-04-27-16-56-54|gamename: baseoa
2012-04-27-16-56-54|gamedate: Aug  9 2011
2012-04-27-16-56-54|------------------------------------------------------------
2012-04-27-16-56-54|InitGame: \protocol\71\sv_hostname\Spil OA Server\sv_maxclients\16\sv_minPing\0\sv_maxPing\400\sv_maxRate\25000\sv_allowdownload\1\sv_privateClients\2\capturelimit\5\timelimit\0\fraglimit\15\bot_minplayers\0\g_allowvote\1\g_voteGametypes\/0/3/4/5/8/10\g_delagHitscan\1\dmflags\88\g_instantgib\0\g_rockets\0\g_voteMaxTimelimit\1000\g_voteMinTimelimit\0\g_voteMaxFraglimit\0\g_voteMinFraglimit\0\g_gametype\4\g_lms_mode\0\elimination_roundtime\120\g_doWarmup\0\videoflags\7\g_maxGameClients\0\sv_minRate\0\sv_floodProtect\1\version\ioq3 1.36+svn1946-5/Ubuntu linux-x86_64 Aug  9 2011\mapname\pul1ctf\gamename\baseoa\elimflags\0\voteflags\2\g_needpass\0\g_obeliskRespawnDelay\10\g_enableDust\0\g_enableBreath\0\g_altExcellent\0
2012-04-27-16-56-54|Info: ServerInfo length: 714 of 1024
2012-04-27-16-56-54|Gametype changed, clearing session data.
2012-04-27-16-56-54|^3!readconfig: ^7could not open admin config file admin.dat
2012-04-27-16-56-54|Sprees/Kills: loaded 1 killing sprees, 0 death sprees, and 0 multikills.
2012-04-27-16-56-54|0 teams with 0 entities
2012-04-27-16-56-54|19 items registered
2012-04-27-16-56-54|-----------------------------------
2012-04-27-16-56-54|------- BotLib Initialization -------
2012-04-27-16-56-54|loaded weapons.c
2012-04-27-16-56-54|loaded items.c
2012-04-27-16-56-54|loaded syn.c
2012-04-27-16-56-54|loaded rnd.c
2012-04-27-16-56-54|loaded match.c
2012-04-27-16-56-54|loaded rchat.c
2012-04-27-16-56-54|------------ Map Loading ------------
2012-04-27-16-56-54|trying to load maps/pul1ctf.aas
2012-04-27-16-56-54|loaded maps/pul1ctf.aas
2012-04-27-16-56-54|found 61 level items
2012-04-27-16-56-54|-------------------------------------
2012-04-27-16-56-54|24 bots parsed
2012-04-27-16-56-54|51 arenas parsed
2012-04-27-16-56-54|AAS initialized.
2012-04-27-16-56-54|ClientUserinfoChanged: 2 n\Archangel\t\3\model\assassin/ghost\hmodel\assassin/ghost\g_redteam\\g_blueteam\\c1\4\c2\4\hc\100\w\0\l\0\tt\0\tl\0\id\38954A04BB21D38BA7C75955EFBE446E
2012-04-27-16-56-54|ClientConnect: 2
2012-04-27-16-56-54|ClientUserinfoChanged: 3 n\Revell\t\3\model\major/default\hmodel\major/default\g_redteam\\g_blueteam\\c1\5\c2\5\hc\100\w\0\l\0\tt\0\tl\0\id\978E21D180BF6D8EBEAA5D3897170E94
2012-04-27-16-56-54|ClientConnect: 3
2012-04-27-16-56-54|ClientUserinfoChanged: 4 n\Thz\t\3\model\james\hmodel\*james\g_redteam\\g_blueteam\\c1\4\c2\5\hc\100\w\0\l\0\tt\0\tl\0\id\2BEA6F12C7F6A6FA1D2B46B4B41D1C44
2012-04-27-16-56-54|ClientConnect: 4
2012-04-27-16-56-54|-----------------------------------
2012-04-27-16-56-55|ClientUserinfoChanged: 2 n\Archangel\t\3\model\assassin/ghost\hmodel\assassin/ghost\g_redteam\\g_blueteam\\c1\4\c2\4\hc\100\w\0\l\0\tt\0\tl\0\id\38954A04BB21D38BA7C75955EFBE446E
2012-04-27-16-56-55|ClientBegin: 2
2012-04-27-16-56-55|ClientUserinfoChanged: 3 n\Revell\t\3\model\major/default\hmodel\major/default\g_redteam\\g_blueteam\\c1\5\c2\5\hc\100\w\0\l\0\tt\0\tl\0\id\978E21D180BF6D8EBEAA5D3897170E94
2012-04-27-16-56-55|ClientBegin: 3
2012-04-27-16-56-56|ClientUserinfoChanged: 4 n\Thz\t\3\model\james\hmodel\*james\g_redteam\\g_blueteam\\c1\4\c2\5\hc\100\w\0\l\0\tt\0\tl\0\id\2BEA6F12C7F6A6FA1D2B46B4B41D1C44
2012-04-27-16-56-56|ClientBegin: 4
2012-04-27-16-56-58|ClientUserinfoChanged: 3 n\Revell\t\2\model\major/default\hmodel\major/default\g_redteam\\g_blueteam\\c1\5\c2\5\hc\100\w\0\l\0\tt\0\tl\1\id\978E21D180BF6D8EBEAA5D3897170E94
2012-04-27-16-56-58|ClientUserinfoChanged: 3 n\Revell\t\2\model\major/default\hmodel\major/default\g_redteam\\g_blueteam\\c1\5\c2\5\hc\100\w\0\l\0\tt\0\tl\1\id\978E21D180BF6D8EBEAA5D3897170E94
2012-04-27-16-56-58|Playerstore: Nothing to restore. Guid: 978E21D180BF6D8EBEAA5D3897170E94
2012-04-27-16-56-58|Item: 3 weapon_shotgun
2012-04-27-16-56-58|broadcast: print "Revell^7 entered the game\n"
2012-04-27-16-56-58|ClientBegin: 3
2012-04-27-16-56-59|ClientUserinfoChanged: 2 n\Archangel\t\1\model\assassin/ghost\hmodel\assassin/ghost\g_redteam\\g_blueteam\\c1\4\c2\4\hc\100\w\0\l\0\tt\0\tl\1\id\38954A04BB21D38BA7C75955EFBE446E
2012-04-27-16-56-59|ClientUserinfoChanged: 2 n\Archangel\t\1\model\assassin/ghost\hmodel\assassin/ghost\g_redteam\\g_blueteam\\c1\4\c2\4\hc\100\w\0\l\0\tt\0\tl\1\id\38954A04BB21D38BA7C75955EFBE446E
2012-04-27-16-56-59|Playerstore: Nothing to restore. Guid: 38954A04BB21D38BA7C75955EFBE446E
2012-04-27-16-56-59|Item: 2 weapon_shotgun
2012-04-27-16-56-59|broadcast: print "Archangel^7 entered the game\n"
2012-04-27-16-56-59|ClientBegin: 2
2012-04-27-16-57-02|broadcast: print "Revell called a vote.\n"
2012-04-27-16-57-02|Item: 2 ammo_shells
2012-04-27-16-57-02|Item: 2 ammo_bullets
2012-04-27-16-57-04|Item: 2 item_armor_shard
2012-04-27-16-57-06|ClientUserinfoChanged: 4 n\Thz\t\2\model\james\hmodel\*james\g_redteam\\g_blueteam\\c1\4\c2\5\hc\100\w\0\l\0\tt\0\tl\0\id\2BEA6F12C7F6A6FA1D2B46B4B41D1C44
2012-04-27-16-57-06|Playerstore: Nothing to restore. Guid: 2BEA6F12C7F6A6FA1D2B46B4B41D1C44
2012-04-27-16-57-06|Item: 4 weapon_shotgun
2012-04-27-16-57-06|broadcast: print "Thz^7 entered the game\n"
2012-04-27-16-57-06|ClientBegin: 4
2012-04-27-16-57-08|broadcast: print "Vote passed.\n"
2012-04-27-16-57-09|Item: 2 item_health_mega
2012-04-27-16-57-11|g_gametype will be changed upon restarting.
2012-04-27-16-57-11|==== ShutdownGame ====
2012-04-27-16-57-11|ShutdownGame:
2012-04-27-16-57-11|------------------------------------------------------------
2012-04-27-16-57-11|AAS shutdown.
2012-04-27-16-57-11|------ Server Initialization ------
2012-04-27-16-57-11|Server: oa_dm2
2012-04-27-16-57-11|Hunk_Clear: reset the hunk ok
2012-04-27-16-57-11|----- FS_Startup -----
2012-04-27-16-57-11|Current search path:
2012-04-27-16-57-11|/home/jeroen/.openarena/baseoa
2012-04-27-16-57-11|/usr/lib/games/openarena/baseoa/pak6-patch085.pk3 (559 files)
2012-04-27-16-57-11|/usr/lib/games/openarena/baseoa/pak6-misc.pk3 (229 files)
2012-04-27-16-57-11|/usr/lib/games/openarena/baseoa/pak5-TA.pk3 (139 files)
2012-04-27-16-57-11|/usr/lib/games/openarena/baseoa/pak4-textures.pk3 (1753 files)
2012-04-27-16-57-11|/usr/lib/games/openarena/baseoa/pak2-players.pk3 (669 files)
2012-04-27-16-57-11|/usr/lib/games/openarena/baseoa/pak2-players-mature.pk3 (231 files)
2012-04-27-16-57-11|/usr/lib/games/openarena/baseoa/pak1-maps.pk3 (100 files)
2012-04-27-16-57-11|/usr/lib/games/openarena/baseoa/pak0.pk3 (1042 files)
2012-04-27-16-57-11|/usr/lib/games/openarena/baseoa
2012-04-27-16-57-11|
2012-04-27-16-57-11|----------------------
2012-04-27-16-57-11|4722 files in pk3 files
2012-04-27-16-57-11|Loading vm file vm/qagame.qvm...
2012-04-27-16-57-11|File "vm/qagame.qvm" found in "/usr/lib/games/openarena/baseoa/pak6-patch085.pk3"
2012-04-27-16-57-11|...which has vmMagic VM_MAGIC_USE_NATIVE.
2012-04-27-16-57-11|... trying pak6-patch085/qagame
2012-04-27-16-57-11|Sys_LoadDll(pak6-patch085/qagamex86_64.so) could not find it
2012-04-27-16-57-11|... trying qagame
2012-04-27-16-57-11|Loading DLL file: /usr/lib/games/openarena/baseoa/qagamex86_64.so
2012-04-27-16-57-11|Sys_LoadDll(qagame) found vmMain function at 0x7f8353978480
2012-04-27-16-57-11|Loaded DLL file instead.
2012-04-27-16-57-11|------- Game Initialization -------
2012-04-27-16-57-11|gamename: baseoa
2012-04-27-16-57-11|gamedate: Aug  9 2011
2012-04-27-16-57-11|------------------------------------------------------------
2012-04-27-16-57-11|InitGame: \protocol\71\sv_hostname\Spil OA Server\sv_maxclients\16\sv_minPing\0\sv_maxPing\400\sv_maxRate\25000\sv_allowdownload\1\sv_privateClients\2\capturelimit\5\timelimit\0\fraglimit\15\bot_minplayers\0\g_allowvote\1\g_voteGametypes\/0/3/4/5/8/10\g_delagHitscan\1\dmflags\88\g_instantgib\0\g_rockets\0\g_voteMaxTimelimit\1000\g_voteMinTimelimit\0\g_voteMaxFraglimit\0\g_voteMinFraglimit\0\g_gametype\0\g_lms_mode\0\elimination_roundtime\120\g_doWarmup\0\videoflags\7\g_maxGameClients\0\sv_minRate\0\sv_floodProtect\1\version\ioq3 1.36+svn1946-5/Ubuntu linux-x86_64 Aug  9 2011\mapname\oa_dm2\gamename\baseoa\elimflags\0\voteflags\2\g_needpass\0\g_obeliskRespawnDelay\10\g_enableDust\0\g_enableBreath\0\g_altExcellent\0
2012-04-27-16-57-11|Info: ServerInfo length: 713 of 1024
2012-04-27-16-57-11|Gametype changed, clearing session data.
2012-04-27-16-57-11|^3!readconfig: ^7could not open admin config file admin.dat
2012-04-27-16-57-11|Sprees/Kills: loaded 1 killing sprees, 0 death sprees, and 0 multikills.
2012-04-27-16-57-11|2 teams with 4 entities
2012-04-27-16-57-11|19 items registered
2012-04-27-16-57-11|-----------------------------------
2012-04-27-16-57-11|------- BotLib Initialization -------
2012-04-27-16-57-11|loaded weapons.c
2012-04-27-16-57-11|loaded items.c
2012-04-27-16-57-11|loaded syn.c
2012-04-27-16-57-11|loaded rnd.c
2012-04-27-16-57-11|loaded match.c
2012-04-27-16-57-11|loaded rchat.c
2012-04-27-16-57-11|------------ Map Loading ------------
2012-04-27-16-57-11|trying to load maps/oa_dm2.aas
2012-04-27-16-57-11|loaded maps/oa_dm2.aas
2012-04-27-16-57-11|found 32 level items
2012-04-27-16-57-11|-------------------------------------
2012-04-27-16-57-11|24 bots parsed
2012-04-27-16-57-11|51 arenas parsed
2012-04-27-16-57-11|AAS initialized.
2012-04-27-16-57-11|ClientUserinfoChanged: 2 n\Archangel\t\0\model\assassin/ghost\hmodel\assassin/ghost\g_redteam\\g_blueteam\\c1\4\c2\4\hc\100\w\0\l\0\tt\0\tl\0\id\38954A04BB21D38BA7C75955EFBE446E
2012-04-27-16-57-11|ClientConnect: 2
2012-04-27-16-57-11|ClientUserinfoChanged: 3 n\Revell\t\0\model\major/default\hmodel\major/default\g_redteam\\g_blueteam\\c1\5\c2\5\hc\100\w\0\l\0\tt\0\tl\0\id\978E21D180BF6D8EBEAA5D3897170E94
2012-04-27-16-57-11|ClientConnect: 3
2012-04-27-16-57-11|ClientUserinfoChanged: 4 n\Thz\t\0\model\sarge\hmodel\sarge\g_redteam\\g_blueteam\\c1\4\c2\5\hc\100\w\0\l\0\tt\0\tl\0\id\2BEA6F12C7F6A6FA1D2B46B4B41D1C44
2012-04-27-16-57-11|ClientConnect: 4
2012-04-27-16-57-11|-----------------------------------
2012-04-27-16-57-13|ClientUserinfoChanged: 3 n\Revell\t\0\model\major/default\hmodel\major/default\g_redteam\\g_blueteam\\c1\5\c2\5\hc\100\w\0\l\0\tt\0\tl\0\id\978E21D180BF6D8EBEAA5D3897170E94
2012-04-27-16-57-13|Playerstore: Nothing to restore. Guid: 978E21D180BF6D8EBEAA5D3897170E94
2012-04-27-16-57-13|broadcast: print "Revell^7 entered the game\n"
2012-04-27-16-57-13|ClientBegin: 3
2012-04-27-16-57-13|ClientUserinfoChanged: 2 n\Archangel\t\0\model\assassin/ghost\hmodel\assassin/ghost\g_redteam\\g_blueteam\\c1\4\c2\4\hc\100\w\0\l\0\tt\0\tl\0\id\38954A04BB21D38BA7C75955EFBE446E
2012-04-27-16-57-13|Playerstore: Nothing to restore. Guid: 38954A04BB21D38BA7C75955EFBE446E
2012-04-27-16-57-13|broadcast: print "Archangel^7 entered the game\n"
2012-04-27-16-57-13|ClientBegin: 2
2012-04-27-16-57-13|ClientUserinfoChanged: 4 n\Thz\t\0\model\sarge\hmodel\sarge\g_redteam\\g_blueteam\\c1\4\c2\5\hc\100\w\0\l\0\tt\0\tl\0\id\2BEA6F12C7F6A6FA1D2B46B4B41D1C44
2012-04-27-16-57-13|Playerstore: Nothing to restore. Guid: 2BEA6F12C7F6A6FA1D2B46B4B41D1C44
2012-04-27-16-57-13|broadcast: print "Thz^7 entered the game\n"
2012-04-27-16-57-13|ClientBegin: 4
2012-04-27-16-57-14|Item: 4 weapon_shotgun
2012-04-27-16-57-15|Item: 3 ammo_rockets
2012-04-27-16-57-16|Item: 4 ammo_slugs
2012-04-27-16-57-17|Item: 3 item_health_mega
2012-04-27-16-57-20|Kill: 1022 2 16: <world> killed Archangel by MOD_LAVA
2012-04-27-16-57-21|Item: 3 item_health_mega
2012-04-27-16-57-21|Item: 3 ammo_grenades
2012-04-27-16-57-21|Item: 3 weapon_grenadelauncher
2012-04-27-16-57-33|Item: 2 ammo_bullets
2012-04-27-16-57-33|Item: 4 weapon_rocketlauncher
2012-04-27-16-57-35|Item: 4 ammo_bullets
2012-04-27-16-57-35|Item: 2 weapon_railgun
2012-04-27-16-57-39|Item: 2 ammo_bullets
2012-04-27-16-57-40|Item: 4 weapon_rocketlauncher
2012-04-27-16-57-47|Item: 4 weapon_shotgun
2012-04-27-16-57-52|Item: 3 weapon_railgun
2012-04-27-16-57-57|Item: 4 item_armor_body
2012-04-27-16-57-59|Item: 3 weapon_railgun
2012-04-27-16-58-00|Item: 3 item_health
2012-04-27-16-58-03|Kill: 3 2 4: Revell killed Archangel by MOD_GRENADE
2012-04-27-16-58-04|Kill: 1022 3 16: <world> killed Revell by MOD_LAVA
2012-04-27-16-58-07|Item: 3 weapon_railgun
2012-04-27-16-58-08|Item: 2 weapon_railgun
2012-04-27-16-58-10|Kill: 4 2 6: Thz killed Archangel by MOD_ROCKET
2012-04-27-16-58-11|Kill: 4 3 6: Thz killed Revell by MOD_ROCKET
2012-04-27-16-58-11|Award: 4 1: Thz gained the EXCELLENT award!
2012-04-27-16-58-14|Item: 3 ammo_rockets
2012-04-27-16-58-16|Item: 2 item_armor_body
2012-04-27-16-58-17|Item: 3 item_health_mega
2012-04-27-16-58-22|Kill: 1022 4 5: <world> killed Thz by MOD_GRENADE_SPLASH
2012-04-27-16-58-23|Item: 3 holdable_medkit
2012-04-27-16-58-24|Item: 2 weapon_rocketlauncher
2012-04-27-16-58-26|Item: 4 weapon_shotgun
2012-04-27-16-58-27|Item: 4 ammo_slugs
2012-04-27-16-58-28|Kill: 3 2 17: Revell killed Archangel by MOD_CRUSH
2012-04-27-16-58-30|Item: 4 ammo_bullets
2012-04-27-16-58-32|Item: 3 weapon_rocketlauncher
2012-04-27-16-58-41|Kill: 3 4 7: Revell killed Thz by MOD_ROCKET_SPLASH
2012-04-27-16-58-41|Item: 3 weapon_shotgun
2012-04-27-16-58-42|Item: 3 item_health
2012-04-27-16-58-44|Item: 4 weapon_rocketlauncher
2012-04-27-16-58-47|Kill: 3 4 6: Revell killed Thz by MOD_ROCKET
2012-04-27-16-58-49|Item: 3 weapon_rocketlauncher
2012-04-27-16-58-56|Kill: 3 4 6: Revell killed Thz by MOD_ROCKET
2012-04-27-16-58-56|Kill: 2 3 3: Archangel killed Revell by MOD_MACHINEGUN
2012-04-27-16-58-59|Kill: 3 2 3: Revell killed Archangel by MOD_MACHINEGUN
2012-04-27-16-58-59|Item: 4 weapon_railgun
2012-04-27-16-59-02|Item: 3 weapon_rocketlauncher
2012-04-27-16-59-05|Item: 3 weapon_rocketlauncher
2012-04-27-16-59-10|Kill: 2 3 3: Archangel killed Revell by MOD_MACHINEGUN
2012-04-27-16-59-11|Item: 2 item_health
2012-04-27-16-59-11|Item: 2 item_health
2012-04-27-16-59-12|Item: 2 weapon_rocketlauncher
2012-04-27-16-59-12|Item: 4 weapon_rocketlauncher
2012-04-27-16-59-19|Item: 2 weapon_shotgun
2012-04-27-16-59-19|Kill: 1022 4 16: <world> killed Thz by MOD_LAVA
2012-04-27-16-59-23|Item: 4 ammo_bullets
2012-04-27-16-59-24|Item: 2 item_armor_body
2012-04-27-16-59-24|Item: 2 item_health
2012-04-27-16-59-24|Item: 4 weapon_rocketlauncher
2012-04-27-16-59-29|Item: 3 weapon_rocketlauncher
2012-04-27-16-59-30|Kill: 1022 2 16: <world> killed Archangel by MOD_LAVA
2012-04-27-16-59-33|Kill: 4 3 6: Thz killed Revell by MOD_ROCKET
2012-04-27-16-59-35|Item: 4 weapon_rocketlauncher
2012-04-27-16-59-35|Item: 4 weapon_rocketlauncher
2012-04-27-16-59-39|Item: 3 ammo_rockets
2012-04-27-16-59-40|Item: 2 weapon_railgun
2012-04-27-16-59-41|Item: 4 weapon_rocketlauncher
2012-04-27-16-59-43|Item: 3 item_health_mega
2012-04-27-16-59-46|Item: 4 item_health
2012-04-27-16-59-46|Item: 4 item_health
2012-04-27-16-59-48|Item: 4 item_health
2012-04-27-16-59-50|Item: 3 weapon_rocketlauncher
2012-04-27-16-59-55|Kill: 3 4 6: Revell killed Thz by MOD_ROCKET
2012-04-27-16-59-56|Kill: 4 3 7: Thz killed Revell by MOD_ROCKET_SPLASH
2012-04-27-16-59-57|Item: 2 item_health_mega
2012-04-27-16-59-58|Item: 2 ammo_grenades
2012-04-27-16-59-59|Item: 2 weapon_grenadelauncher
2012-04-27-17-00-00|Item: 3 weapon_shotgun
2012-04-27-17-00-04|Item: 4 weapon_rocketlauncher
2012-04-27-17-00-04|Item: 4 weapon_rocketlauncher
2012-04-27-17-00-06|Item: 4 weapon_rocketlauncher
2012-04-27-17-00-09|Item: 4 weapon_rocketlauncher
2012-04-27-17-00-27|Kill: 4 3 7: Thz killed Revell by MOD_ROCKET_SPLASH
2012-04-27-17-00-31|Item: 3 ammo_rockets
2012-04-27-17-00-34|Item: 3 item_health_mega
2012-04-27-17-00-35|Item: 2 item_health_mega
2012-04-27-17-00-37|Item: 3 holdable_medkit
2012-04-27-17-00-40|Item: 2 ammo_grenades
2012-04-27-17-00-44|Kill: 2 3 10: Archangel killed Revell by MOD_RAILGUN
2012-04-27-17-00-44|Award: 2 2: Archangel gained the IMPRESSIVE award!
2012-04-27-17-00-48|Item: 3 weapon_shotgun
2012-04-27-17-00-48|Item: 2 weapon_grenadelauncher
2012-04-27-17-00-52|Item: 4 weapon_rocketlauncher
2012-04-27-17-00-57|Kill: 4 3 7: Thz killed Revell by MOD_ROCKET_SPLASH
2012-04-27-17-00-59|Item: 4 item_health
2012-04-27-17-01-00|Item: 4 item_health
2012-04-27-17-01-00|Item: 3 weapon_shotgun
2012-04-27-17-01-01|Item: 4 weapon_rocketlauncher
2012-04-27-17-01-02|Item: 4 ammo_bullets
2012-04-27-17-01-06|Item: 4 weapon_rocketlauncher
2012-04-27-17-01-15|Item: 4 item_health
2012-04-27-17-01-15|Item: 4 item_health
2012-04-27-17-01-16|Item: 3 ammo_rockets
2012-04-27-17-01-19|Item: 3 item_health_mega
2012-04-27-17-01-21|Item: 4 weapon_rocketlauncher
2012-04-27-17-01-25|Kill: 1022 2 7: <world> killed Archangel by MOD_ROCKET_SPLASH
2012-04-27-17-01-26|Item: 4 weapon_rocketlauncher
2012-04-27-17-01-30|Item: 2 weapon_railgun
2012-04-27-17-01-32|Item: 3 weapon_rocketlauncher
2012-04-27-17-01-33|Item: 2 ammo_bullets
2012-04-27-17-01-37|Item: 3 item_health
2012-04-27-17-01-37|Kill: 4 4 7: Thz killed Thz by MOD_ROCKET_SPLASH
2012-04-27-17-01-38|Item: 3 weapon_rocketlauncher
2012-04-27-17-01-45|Item: 3 weapon_shotgun
2012-04-27-17-01-48|Item: 3 item_armor_body
2012-04-27-17-01-48|Item: 2 item_health
2012-04-27-17-01-50|Kill: 4 2 3: Thz killed Archangel by MOD_MACHINEGUN
2012-04-27-17-01-50|Item: 4 weapon_railgun
2012-04-27-17-01-53|Item: 4 item_health
2012-04-27-17-01-54|Item: 3 weapon_rocketlauncher
2012-04-27-17-02-01|Item: 2 ammo_rockets
2012-04-27-17-02-01|Item: 4 weapon_rocketlauncher
2012-04-27-17-02-04|Item: 4 item_health
2012-04-27-17-02-05|Item: 2 item_health_mega
2012-04-27-17-02-07|Item: 2 holdable_medkit
2012-04-27-17-02-08|Item: 4 item_health
2012-04-27-17-02-08|Item: 4 item_health
2012-04-27-17-02-14|Kill: 3 2 7: Revell killed Archangel by MOD_ROCKET_SPLASH
2012-04-27-17-02-15|Item: 4 weapon_rocketlauncher
2012-04-27-17-02-17|Item: 2 weapon_shotgun
2012-04-27-17-02-20|Item: 2 ammo_slugs
2012-04-27-17-02-20|Item: 4 weapon_rocketlauncher
2012-04-27-17-02-24|Kill: 4 3 7: Thz killed Revell by MOD_ROCKET_SPLASH
2012-04-27-17-02-25|Item: 4 weapon_rocketlauncher
2012-04-27-17-02-26|Item: 4 weapon_rocketlauncher
2012-04-27-17-02-29|Kill: 4 2 7: Thz killed Archangel by MOD_ROCKET_SPLASH
2012-04-27-17-02-32|Item: 2 weapon_shotgun
2012-04-27-17-02-37|Item: 3 item_health_mega
2012-04-27-17-02-37|Item: 3 ammo_grenades
2012-04-27-17-02-38|Item: 3 weapon_grenadelauncher
2012-04-27-17-02-40|Item: 4 item_health
2012-04-27-17-02-40|Item: 4 item_health
2012-04-27-17-02-42|Item: 4 weapon_rocketlauncher
2012-04-27-17-02-42|Item: 2 ammo_bullets
2012-04-27-17-02-47|Kill: 4 2 7: Thz killed Archangel by MOD_ROCKET_SPLASH
2012-04-27-17-02-49|Item: 4 weapon_rocketlauncher
2012-04-27-17-02-50|Item: 3 item_quad
2012-04-27-17-02-54|Item: 4 weapon_rocketlauncher
2012-04-27-17-02-56|Kill: 4 2 7: Thz killed Archangel by MOD_ROCKET_SPLASH
2012-04-27-17-03-04|Item: 4 weapon_rocketlauncher
2012-04-27-17-03-05|Kill: 3 4 3: Revell killed Thz by MOD_MACHINEGUN
2012-04-27-17-03-06|Item: 3 weapon_rocketlauncher
2012-04-27-17-03-08|Item: 4 weapon_railgun
2012-04-27-17-03-13|Item: 3 weapon_rocketlauncher
2012-04-27-17-03-14|Kill: 4 3 10: Thz killed Revell by MOD_RAILGUN
2012-04-27-17-03-15|Kill: 1022 2 16: <world> killed Archangel by MOD_LAVA
2012-04-27-17-03-15|Item: 4 weapon_shotgun
2012-04-27-17-03-16|Item: 4 weapon_rocketlauncher
2012-04-27-17-03-16|Item: 4 item_quad
2012-04-27-17-03-20|Item: 4 weapon_rocketlauncher
2012-04-27-17-03-24|Item: 2 weapon_shotgun
2012-04-27-17-03-25|Item: 3 weapon_rocketlauncher
2012-04-27-17-03-29|Item: 2 ammo_slugs
2012-04-27-17-03-31|Item: 3 weapon_rocketlauncher
2012-04-27-17-03-33|Item: 3 item_health
2012-04-27-17-03-33|Item: 3 item_health
2012-04-27-17-03-39|Item: 4 weapon_rocketlauncher
2012-04-27-17-03-41|Kill: 3 4 3: Revell killed Thz by MOD_MACHINEGUN
2012-04-27-17-03-42|Item: 3 weapon_rocketlauncher
2012-04-27-17-03-44|Item: 4 weapon_shotgun
2012-04-27-17-03-45|Item: 2 ammo_bullets
2012-04-27-17-03-45|Item: 3 ammo_bullets
2012-04-27-17-03-48|Kill: 3 3 7: Revell killed Revell by MOD_ROCKET_SPLASH
2012-04-27-17-03-48|Item: 2 weapon_railgun
2012-04-27-17-03-49|Item: 4 weapon_rocketlauncher
2012-04-27-17-03-51|Item: 3 weapon_shotgun
2012-04-27-17-03-52|Item: 4 weapon_rocketlauncher
2012-04-27-17-03-53|Item: 3 item_armor_body
2012-04-27-17-03-57|Item: 2 ammo_rockets
2012-04-27-17-03-57|Item: 4 weapon_rocketlauncher
2012-04-27-17-03-59|Kill: 3 4 1: Revell killed Thz by MOD_SHOTGUN
2012-04-27-17-04-00|Item: 2 item_health_mega
2012-04-27-17-04-00|Item: 3 weapon_rocketlauncher
2012-04-27-17-04-03|Item: 3 weapon_rocketlauncher
2012-04-27-17-04-13|Item: 2 item_health_mega
2012-04-27-17-04-14|Item: 2 ammo_grenades
2012-04-27-17-04-14|Item: 4 weapon_rocketlauncher
2012-04-27-17-04-15|Item: 2 weapon_grenadelauncher
2012-04-27-17-04-18|Kill: 3 4 7: Revell killed Thz by MOD_ROCKET_SPLASH
2012-04-27-17-04-19|Item: 3 weapon_rocketlauncher
2012-04-27-17-04-20|Item: 3 weapon_rocketlauncher
2012-04-27-17-04-24|Item: 4 weapon_rocketlauncher
2012-04-27-17-04-31|Kill: 3 4 7: Revell killed Thz by MOD_ROCKET_SPLASH
2012-04-27-17-04-31|Item: 3 item_health
2012-04-27-17-04-33|Item: 3 weapon_rocketlauncher
2012-04-27-17-04-34|Item: 4 ammo_bullets
2012-04-27-17-04-37|Item: 4 weapon_railgun
2012-04-27-17-04-38|Item: 3 weapon_shotgun
2012-04-27-17-04-40|Item: 3 item_armor_body
2012-04-27-17-04-44|Item: 3 ammo_bullets
2012-04-27-17-04-45|Item: 4 weapon_rocketlauncher
2012-04-27-17-04-47|Item: 4 item_health
2012-04-27-17-04-48|Kill: 3 4 6: Revell killed Thz by MOD_ROCKET
2012-04-27-17-04-49|Item: 3 weapon_rocketlauncher
2012-04-27-17-04-53|Item: 3 item_health
2012-04-27-17-04-56|Item: 4 weapon_rocketlauncher
2012-04-27-17-05-02|Kill: 4 3 6: Thz killed Revell by MOD_ROCKET
2012-04-27-17-05-04|Item: 4 weapon_rocketlauncher
2012-04-27-17-05-04|Item: 4 weapon_rocketlauncher
2012-04-27-17-05-04|Item: 3 weapon_railgun
2012-04-27-17-05-07|Item: 4 item_health
2012-04-27-17-05-11|Kill: 4 2 7: Thz killed Archangel by MOD_ROCKET_SPLASH
2012-04-27-17-05-13|Item: 4 weapon_rocketlauncher
2012-04-27-17-05-19|Item: 4 weapon_rocketlauncher
2012-04-27-17-05-23|Item: 3 weapon_railgun
2012-04-27-17-05-24|Kill: 3 4 10: Revell killed Thz by MOD_RAILGUN
2012-04-27-17-05-24|Item: 2 weapon_rocketlauncher
2012-04-27-17-05-25|Item: 2 weapon_rocketlauncher
2012-04-27-17-05-26|Kill: 3 2 10: Revell killed Archangel by MOD_RAILGUN
2012-04-27-17-05-26|Award: 3 1: Revell gained the EXCELLENT award!
2012-04-27-17-05-26|Award: 3 2: Revell gained the IMPRESSIVE award!
2012-04-27-17-05-28|Item: 4 ammo_bullets
2012-04-27-17-05-28|Item: 4 weapon_rocketlauncher
2012-04-27-17-05-34|Item: 2 ammo_bullets
2012-04-27-17-05-36|Item: 4 weapon_rocketlauncher
2012-04-27-17-05-36|Kill: 4 3 6: Thz killed Revell by MOD_ROCKET
2012-04-27-17-05-37|Item: 2 weapon_railgun
2012-04-27-17-05-43|Item: 4 weapon_rocketlauncher
2012-04-27-17-05-44|Item: 2 ammo_bullets
2012-04-27-17-05-45|Item: 4 weapon_railgun
2012-04-27-17-05-47|Kill: 2 3 3: Archangel killed Revell by MOD_MACHINEGUN
2012-04-27-17-05-48|Item: 4 weapon_rocketlauncher
2012-04-27-17-05-51|Item: 2 item_health
2012-04-27-17-05-51|Kill: 4 3 7: Thz killed Revell by MOD_ROCKET_SPLASH
2012-04-27-17-05-53|Item: 4 weapon_rocketlauncher
2012-04-27-17-05-54|Item: 2 item_health
2012-04-27-17-05-54|Item: 2 item_health
2012-04-27-17-05-54|Item: 4 item_health
2012-04-27-17-05-59|Item: 3 weapon_railgun
2012-04-27-17-06-00|Item: 4 weapon_rocketlauncher
2012-04-27-17-06-04|Kill: 4 2 6: Thz killed Archangel by MOD_ROCKET
2012-04-27-17-06-05|Item: 4 weapon_rocketlauncher
2012-04-27-17-06-05|Item: 3 ammo_rockets
2012-04-27-17-06-07|Item: 4 item_health
2012-04-27-17-06-09|Item: 3 item_health_mega
2012-04-27-17-06-12|Item: 2 weapon_railgun
2012-04-27-17-06-13|Item: 4 weapon_rocketlauncher
2012-04-27-17-06-15|Kill: 3 4 10: Revell killed Thz by MOD_RAILGUN
2012-04-27-17-06-15|Exit: Fraglimit hit.
2012-04-27-17-06-15|score: 15  ping: 0  client: 3 Revell
2012-04-27-17-06-15|score: 14  ping: 0  client: 4 Thz
2012-04-27-17-06-15|score: 1  ping: 1  client: 2 Archangel
2012-04-27-17-06-15|broadcast: print "Revell^7 hit the fraglimit.\n"
2012-04-27-17-06-23|broadcast: print "Revell^7 disconnected\n"
2012-04-27-17-06-23|Playerstore: Stored player with guid: 978E21D180BF6D8EBEAA5D3897170E94 in 0
2012-04-27-17-06-23|ClientDisconnect: 3
2012-04-27-17-06-23|g_gametype will be changed upon restarting.
2012-04-27-17-06-23|==== ShutdownGame ====
2012-04-27-17-06-23|ShutdownGame:
2012-04-27-17-06-23|------------------------------------------------------------
2012-04-27-17-06-23|AAS shutdown.
2012-04-27-17-06-23|------ Server Initialization ------
2012-04-27-17-06-23|Server: ctf_gate1
2012-04-27-17-06-23|Hunk_Clear: reset the hunk ok
2012-04-27-17-06-23|----- FS_Startup -----
2012-04-27-17-06-23|Current search path:
2012-04-27-17-06-23|/home/jeroen/.openarena/baseoa
2012-04-27-17-06-23|/usr/lib/games/openarena/baseoa/pak6-patch085.pk3 (559 files)
2012-04-27-17-06-23|/usr/lib/games/openarena/baseoa/pak6-misc.pk3 (229 files)
2012-04-27-17-06-23|/usr/lib/games/openarena/baseoa/pak5-TA.pk3 (139 files)
2012-04-27-17-06-23|/usr/lib/games/openarena/baseoa/pak4-textures.pk3 (1753 files)
2012-04-27-17-06-23|/usr/lib/games/openarena/baseoa/pak2-players.pk3 (669 files)
2012-04-27-17-06-23|/usr/lib/games/openarena/baseoa/pak2-players-mature.pk3 (231 files)
2012-04-27-17-06-23|/usr/lib/games/openarena/baseoa/pak1-maps.pk3 (100 files)
2012-04-27-17-06-23|/usr/lib/games/openarena/baseoa/pak0.pk3 (1042 files)
2012-04-27-17-06-23|/usr/lib/games/openarena/baseoa
2012-04-27-17-06-23|
2012-04-27-17-06-23|----------------------
2012-04-27-17-06-23|4722 files in pk3 files
2012-04-27-17-06-23|Loading vm file vm/qagame.qvm...
2012-04-27-17-06-23|File "vm/qagame.qvm" found in "/usr/lib/games/openarena/baseoa/pak6-patch085.pk3"
2012-04-27-17-06-23|...which has vmMagic VM_MAGIC_USE_NATIVE.
2012-04-27-17-06-23|... trying pak6-patch085/qagame
2012-04-27-17-06-23|Sys_LoadDll(pak6-patch085/qagamex86_64.so) could not find it
2012-04-27-17-06-23|... trying qagame
2012-04-27-17-06-23|Loading DLL file: /usr/lib/games/openarena/baseoa/qagamex86_64.so
2012-04-27-17-06-23|Sys_LoadDll(qagame) found vmMain function at 0x7f8353978480
2012-04-27-17-06-23|Loaded DLL file instead.
2012-04-27-17-06-23|------- Game Initialization -------
2012-04-27-17-06-23|gamename: baseoa
2012-04-27-17-06-23|gamedate: Aug  9 2011
2012-04-27-17-06-23|------------------------------------------------------------
2012-04-27-17-06-23|InitGame: \protocol\71\sv_hostname\Spil OA Server\sv_maxclients\16\sv_minPing\0\sv_maxPing\400\sv_maxRate\25000\sv_allowdownload\1\sv_privateClients\2\capturelimit\5\timelimit\0\fraglimit\15\bot_minplayers\0\g_allowvote\1\g_voteGametypes\/0/3/4/5/8/10\g_delagHitscan\1\dmflags\88\g_instantgib\0\g_rockets\0\g_voteMaxTimelimit\1000\g_voteMinTimelimit\0\g_voteMaxFraglimit\0\g_voteMinFraglimit\0\g_gametype\4\g_lms_mode\0\elimination_roundtime\120\g_doWarmup\0\videoflags\7\g_maxGameClients\0\sv_minRate\0\sv_floodProtect\1\version\ioq3 1.36+svn1946-5/Ubuntu linux-x86_64 Aug  9 2011\mapname\ctf_gate1\gamename\baseoa\elimflags\0\voteflags\2\g_needpass\0\g_obeliskRespawnDelay\10\g_enableDust\0\g_enableBreath\0\g_altExcellent\0
2012-04-27-17-06-23|Info: ServerInfo length: 716 of 1024
2012-04-27-17-06-23|Gametype changed, clearing session data.
2012-04-27-17-06-23|^3!readconfig: ^7could not open admin config file admin.dat
2012-04-27-17-06-23|Sprees/Kills: loaded 1 killing sprees, 0 death sprees, and 0 multikills.
2012-04-27-17-06-23|0 teams with 0 entities
2012-04-27-17-06-23|23 items registered
2012-04-27-17-06-23|-----------------------------------
2012-04-27-17-06-23|------- BotLib Initialization -------
2012-04-27-17-06-23|loaded weapons.c
2012-04-27-17-06-23|loaded items.c
2012-04-27-17-06-23|loaded syn.c
2012-04-27-17-06-23|loaded rnd.c
2012-04-27-17-06-23|loaded match.c
2012-04-27-17-06-23|loaded rchat.c
2012-04-27-17-06-23|------------ Map Loading ------------
2012-04-27-17-06-23|trying to load maps/ctf_gate1.aas
2012-04-27-17-06-23|loaded maps/ctf_gate1.aas
2012-04-27-17-06-23|found 71 level items
2012-04-27-17-06-23|-------------------------------------
2012-04-27-17-06-23|24 bots parsed
2012-04-27-17-06-23|51 arenas parsed
2012-04-27-17-06-23|AAS initialized.
2012-04-27-17-06-23|ClientUserinfoChanged: 2 n\Archangel\t\3\model\assassin/ghost\hmodel\assassin/ghost\g_redteam\\g_blueteam\\c1\4\c2\4\hc\100\w\0\l\0\tt\0\tl\0\id\38954A04BB21D38BA7C75955EFBE446E
2012-04-27-17-06-23|ClientConnect: 2
2012-04-27-17-06-23|ClientUserinfoChanged: 4 n\Thz\t\3\model\james\hmodel\*james\g_redteam\\g_blueteam\\c1\4\c2\5\hc\100\w\0\l\0\tt\0\tl\0\id\2BEA6F12C7F6A6FA1D2B46B4B41D1C44
2012-04-27-17-06-23|ClientConnect: 4
2012-04-27-17-06-23|-----------------------------------
2012-04-27-17-06-25|ClientUserinfoChanged: 2 n\Archangel\t\3\model\assassin/ghost\hmodel\assassin/ghost\g_redteam\\g_blueteam\\c1\4\c2\4\hc\100\w\0\l\0\tt\0\tl\0\id\38954A04BB21D38BA7C75955EFBE446E
2012-04-27-17-06-25|ClientBegin: 2
2012-04-27-17-06-25|ClientUserinfoChanged: 4 n\Thz\t\3\model\james\hmodel\*james\g_redteam\\g_blueteam\\c1\4\c2\5\hc\100\w\0\l\0\tt\0\tl\0\id\2BEA6F12C7F6A6FA1D2B46B4B41D1C44
2012-04-27-17-06-25|ClientBegin: 4
2012-04-27-17-06-29|broadcast: print "Thz^7 disconnected\n"
2012-04-27-17-06