1337595004|Client 0 connecting with 0 challenge ping
1337595004|ClientUserinfoChanged: 2 n\TT\t\3\model\james\hmodel\*james\g_redteam\\g_blueteam\\c1\4\c2\5\hc\100\w\0\l\0\tt\0\tl\0\id\0FF9D843C712925CF1023CDDE010CD83
1337595004|ClientConnect: 2
1337595004|broadcast: print "TT^7 connected\n"
1337595008|ClientUserinfoChanged: 2 n\TT\t\3\model\james\hmodel\*james\g_redteam\\g_blueteam\\c1\4\c2\5\hc\100\w\0\l\0\tt\0\tl\0\id\0FF9D843C712925CF1023CDDE010CD83
1337595008|ClientBegin: 2
1337595020|Client 1 connecting with 40 challenge ping
1337595020|ClientUserinfoChanged: 3 n\Tamas\t\3\model\smarine/red\hmodel\smarine/red\g_redteam\\g_blueteam\\c1\3\c2\4\hc\100\w\0\l\0\tt\0\tl\0\id\913EEAB8EE1A36416CB417D6374CFB07
1337595020|ClientConnect: 3
1337595020|broadcast: print "Tamas^7 connected\n"
1337595023|ClientUserinfoChanged: 3 n\Tamas\t\3\model\smarine/red\hmodel\smarine/red\g_redteam\\g_blueteam\\c1\3\c2\4\hc\100\w\0\l\0\tt\0\tl\0\id\913EEAB8EE1A36416CB417D6374CFB07
1337595023|ClientBegin: 3
1337595024|ClientUserinfoChanged: 2 n\TT\t\1\model\james\hmodel\*james\g_redteam\\g_blueteam\\c1\4\c2\5\hc\100\w\0\l\0\tt\0\tl\1\id\0FF9D843C712925CF1023CDDE010CD83
1337595024|ClientUserinfoChanged: 2 n\TT\t\1\model\james\hmodel\*james\g_redteam\\g_blueteam\\c1\4\c2\5\hc\100\w\0\l\0\tt\0\tl\1\id\0FF9D843C712925CF1023CDDE010CD83
1337595024|Restored player with guid: 0FF9D843C712925CF1023CDDE010CD83
1337595024|broadcast: print "TT^7 entered the game\n"
1337595024|ClientBegin: 2
1337595026|ClientUserinfoChanged: 3 n\Tamas\t\2\model\smarine/red\hmodel\smarine/red\g_redteam\\g_blueteam\\c1\3\c2\4\hc\100\w\0\l\0\tt\0\tl\1\id\913EEAB8EE1A36416CB417D6374CFB07
1337595026|ClientUserinfoChanged: 3 n\Tamas\t\2\model\smarine/red\hmodel\smarine/red\g_redteam\\g_blueteam\\c1\3\c2\4\hc\100\w\0\l\0\tt\0\tl\1\id\913EEAB8EE1A36416CB417D6374CFB07
1337595026|Restored player with guid: 913EEAB8EE1A36416CB417D6374CFB07
1337595026|broadcast: print "Tamas^7 entered the game\n"
1337595026|ClientBegin: 3
1337595029|Item: 3 item_guard
1337595030|broadcast: print "TT called a vote.\n"
1337595034|Item: 2 item_scout
1337595037|Item: 3 ammo_cells
1337595037|Item: 3 weapon_shotgun
1337595039|Item: 3 ammo_shells
1337595044|Item: 3 weapon_shotgun
1337595045|Item: 3 ammo_cells
1337595054|ioq3 1.36+svn2224-3/Debian linux-x86_64 Mar 31 2012
1337595054|Have SSE support
1337595054|----- FS_Startup -----
1337595054|Current search path:
1337595054|/home/jeroen/.openarena/baseoa
1337595054|/usr/lib/openarena-server/baseoa
1337595054|/usr/lib/openarena-server/baseoa/pak6-patch088.pk3 (711 files)
1337595054|/usr/lib/openarena-server/baseoa/pak6-patch085.pk3 (559 files)
1337595054|/usr/lib/openarena-server/baseoa/pak6-misc.pk3 (229 files)
1337595054|/usr/lib/openarena-server/baseoa/pak5-TA.pk3 (139 files)
1337595054|/usr/lib/openarena-server/baseoa/pak4-textures.pk3 (1753 files)
1337595054|/usr/lib/openarena-server/baseoa/pak2-players.pk3 (669 files)
1337595054|/usr/lib/openarena-server/baseoa/pak2-players-mature.pk3 (231 files)
1337595054|/usr/lib/openarena-server/baseoa/pak1-maps.pk3 (100 files)
1337595054|/usr/lib/openarena-server/baseoa/pak0.pk3 (1042 files)
1337595054|
1337595054|----------------------
1337595054|5433 files in pk3 files
1337595054|execing default.cfg
1337595054|execing q3config_server.cfg
1337595054|execing autoexec.cfg
1337595054|Hunk_Clear: reset the hunk ok
1337595054|^3Couldn't write /tmp/ioq3_server.pid.
1337595054|--- Common Initialization Complete ---
1337595054|IP: 127.0.0.1
1337595054|IP: 192.168.96.9
1337595054|IP6: ::1
1337595054|IP6: fe80::224:e8ff:fe23:4f72%eth0
1337595054|Opening IP6 socket: [::]:27960
1337595054|Opening IP socket: 192.168.96.9:27960
1337595054|tty console mode disabled
1337595054|execing default.cfg
1337595054|g_gametype will be changed upon restarting.
1337595054|------ Server Initialization ------
1337595054|Server: czest1dm
1337595054|Hunk_Clear: reset the hunk ok
1337595054|----- FS_Startup -----
1337595054|Current search path:
1337595054|/home/jeroen/.openarena/baseoa
1337595054|/usr/lib/openarena-server/baseoa
1337595054|/usr/lib/openarena-server/baseoa/pak6-patch088.pk3 (711 files)
1337595054|/usr/lib/openarena-server/baseoa/pak6-patch085.pk3 (559 files)
1337595054|/usr/lib/openarena-server/baseoa/pak6-misc.pk3 (229 files)
1337595054|/usr/lib/openarena-server/baseoa/pak5-TA.pk3 (139 files)
1337595054|/usr/lib/openarena-server/baseoa/pak4-textures.pk3 (1753 files)
1337595054|/usr/lib/openarena-server/baseoa/pak2-players.pk3 (669 files)
1337595054|/usr/lib/openarena-server/baseoa/pak2-players-mature.pk3 (231 files)
1337595054|/usr/lib/openarena-server/baseoa/pak1-maps.pk3 (100 files)
1337595054|/usr/lib/openarena-server/baseoa/pak0.pk3 (1042 files)
1337595054|
1337595054|----------------------
1337595054|5433 files in pk3 files
1337595054|Loading vm file vm/qagame.qvm...
1337595054|File "vm/qagame.qvm" found in "/usr/lib/openarena-server/baseoa/pak6-patch088.pk3"
1337595054|...which has vmMagic VM_MAGIC_USE_NATIVE.
1337595054|... trying pak6-patch088/qagame
1337595054|... trying qagame
1337595054|Loading DLL file /usr/lib/openarena-server/baseoa/qagamex86_64.so instead.
1337595054|Loading DLL file: /usr/lib/openarena-server/baseoa/qagamex86_64.so
1337595054|Sys_LoadGameDll(/usr/lib/openarena-server/baseoa/qagamex86_64.so) found vmMain function at 0x7fd0f2ddeab6
1337595054|------- Game Initialization -------
1337595054|gamename: baseoa
1337595054|gamedate: Apr  1 2012
1337595054|------------------------------------------------------------
1337595054|InitGame: \com_protocol\71\sv_hostname\Spil OA Server\sv_maxclients\16\sv_minPing\0\sv_maxPing\400\sv_maxRate\25000\sv_allowdownload\1\sv_privateClients\2\capturelimit\5\timelimit\0\fraglimit\15\g_allowvote\1\g_voteGametypes\/0/3/4/5/8/10\g_delagHitscan\1\dmflags\88\g_instantgib\0\g_rockets\0\sv_floodProtect\1\sv_minRate\0\g_maxGameClients\0\videoflags\7\g_doWarmup\0\elimination_roundtime\120\g_lms_mode\0\g_gametype\0\g_voteMinFraglimit\0\g_voteMaxFraglimit\0\g_voteMinTimelimit\0\g_voteMaxTimelimit\1000\sv_dlRate\100\version\ioq3 1.36+svn2224-3/Debian linux-x86_64 Mar 31 2012\com_gamename\Quake3Arena\mapname\czest1dm\gamename\baseoa\elimflags\0\voteflags\0\g_needpass\0\g_obeliskRespawnDelay\10\g_enableDust\0\g_enableBreath\0\g_altExcellent\0\g_timestamp\2012-05-21 12:10:54
1337595054|Info: ServerInfo length: 773 of 1024
1337595054|!readconfig: loaded 0 levels, 0 admins, 0 bans, 0 commands, 0 warnings
1337595054|Sprees/Kills: loaded 1 killing sprees, 0 death sprees, and 0 multikills.
1337595054|0 teams with 0 entities
1337595054|23 items registered
1337595054|-----------------------------------
1337595054|------- BotLib Initialization -------
1337595054|loaded weapons.c
1337595054|loaded items.c
1337595054|loaded syn.c
1337595054|loaded rnd.c
1337595054|loaded match.c
1337595054|loaded rchat.c
1337595054|------------ Map Loading ------------
1337595054|trying to load maps/czest1dm.aas
1337595054|loaded maps/czest1dm.aas
1337595054|found 38 level items
1337595054|-------------------------------------
1337595054|33 bots parsed
1337595054|58 arenas parsed
1337595054|AAS initialized.
1337595054|-----------------------------------
1337595063|Client 0 connecting with 0 challenge ping
1337595063|ClientUserinfoChanged: 2 n\Rolph\t\0\model\sarge/red\hmodel\sarge/red\g_redteam\\g_blueteam\\c1\2\c2\5\hc\100\w\0\l\0\tt\0\tl\0\id\8D9D8FAD284359ED36F095C64975783B
1337595063|ClientConnect: 2
1337595063|broadcast: print "Rolph^7 connected\n"
1337595063|Client 1 connecting with 40 challenge ping
1337595063|ClientUserinfoChanged: 3 n\Tamas\t\0\model\smarine/red\hmodel\smarine/red\g_redteam\\g_blueteam\\c1\3\c2\4\hc\100\w\0\l\0\tt\0\tl\0\id\913EEAB8EE1A36416CB417D6374CFB07
1337595063|ClientConnect: 3
1337595063|broadcast: print "Tamas^7 connected\n"
1337595064|ClientUserinfoChanged: 3 n\Tamas\t\0\model\smarine/red\hmodel\smarine/red\g_redteam\\g_blueteam\\c1\3\c2\4\hc\100\w\0\l\0\tt\0\tl\0\id\913EEAB8EE1A36416CB417D6374CFB07
1337595064|Playerstore: Nothing to restore. Guid: 913EEAB8EE1A36416CB417D6374CFB07
1337595064|broadcast: print "Tamas^7 entered the game\n"
1337595064|ClientBegin: 3
1337595064|Client 2 connecting with 40 challenge ping
1337595064|ClientUserinfoChanged: 4 n\Enrique\t\0\model\beret/headcrash\hmodel\beret/headcrash\g_redteam\\g_blueteam\\c1\4\c2\5\hc\100\w\0\l\0\tt\0\tl\0\id\2EF47499FF1CAD2316F9FD0918CDDAAA
1337595064|ClientConnect: 4
1337595064|broadcast: print "Enrique^7 connected\n"
1337595065|Item: 3 item_health_mega
1337595066|ClientUserinfoChanged: 4 n\Enrique\t\0\model\beret/headcrash\hmodel\beret/headcrash\g_redteam\\g_blueteam\\c1\4\c2\5\hc\100\w\0\l\0\tt\0\tl\0\id\2EF47499FF1CAD2316F9FD0918CDDAAA
1337595066|Playerstore: Nothing to restore. Guid: 2EF47499FF1CAD2316F9FD0918CDDAAA
1337595066|broadcast: print "Enrique^7 entered the game\n"
1337595066|ClientBegin: 4
1337595067|ClientUserinfoChanged: 2 n\Rolph\t\0\model\sarge/red\hmodel\sarge/red\g_redteam\\g_blueteam\\c1\2\c2\5\hc\100\w\0\l\0\tt\0\tl\0\id\8D9D8FAD284359ED36F095C64975783B
1337595067|Playerstore: Nothing to restore. Guid: 8D9D8FAD284359ED36F095C64975783B
1337595067|broadcast: print "Rolph^7 entered the game\n"
1337595067|ClientBegin: 2
1337595067|Item: 3 ammo_cells
1337595069|Item: 2 weapon_rocketlauncher
1337595069|Item: 3 item_health_small
1337595069|Item: 3 item_armor_shard
1337595069|Item: 3 item_armor_shard
1337595070|Item: 3 item_health_small
1337595073|Item: 3 ammo_grenades
1337595073|Item: 4 ammo_shells
1337595073|Item: 3 ammo_rockets
1337595074|Item: 4 weapon_rocketlauncher
1337595078|Item: 3 item_armor_shard
1337595078|Item: 3 item_armor_shard
1337595079|Item: 3 weapon_plasmagun
1337595080|Item: 4 weapon_rocketlauncher
1337595081|Item: 2 item_health
1337595081|Kill: 4 2 6: Enrique killed Rolph by MOD_ROCKET
1337595081|PlayerScore: 4 1: Enrique now has 1 points
1337595081|Challenge: 4 205 1: Client 4 got award 205
1337595081|Challenge: 4 1 1: Client 4 got award 1
1337595081|Challenge: 2 2 1: Client 2 got award 2
1337595083|Item: 4 weapon_rocketlauncher
1337595085|Client 3 connecting with 0 challenge ping
1337595085|ClientUserinfoChanged: 5 n\dennis\t\0\model\assassin/ghost\hmodel\assassin/ghost\g_redteam\\g_blueteam\\c1\4\c2\7\hc\100\w\0\l\0\tt\0\tl\0\id\09B7CCF049BACED173FDB92196EBE8B3
1337595085|ClientConnect: 5
1337595085|broadcast: print "dennis^7 connected\n"
1337595085|Kill: 1022 2 22: <world> killed Rolph by MOD_TRIGGER_HURT
1337595